{"/home/kunihiros/dev/genimage-inserter/src/settings.ts": {"path":"/home/kunihiros/dev/genimage-inserter/src/settings.ts","statementMap":{"0":{"start":{"line":15,"column":58},"end":{"line":20,"column":null}},"1":{"start":{"line":26,"column":2},"end":{"line":26,"column":null}},"2":{"start":{"line":27,"column":2},"end":{"line":27,"column":null}},"3":{"start":{"line":31,"column":26},"end":{"line":31,"column":null}},"4":{"start":{"line":32,"column":2},"end":{"line":32,"column":null}},"5":{"start":{"line":34,"column":2},"end":{"line":34,"column":null}},"6":{"start":{"line":36,"column":2},"end":{"line":45,"column":null}},"7":{"start":{"line":39,"column":20},"end":{"line":45,"column":6}},"8":{"start":{"line":43,"column":5},"end":{"line":43,"column":null}},"9":{"start":{"line":44,"column":5},"end":{"line":44,"column":null}},"10":{"start":{"line":47,"column":2},"end":{"line":56,"column":null}},"11":{"start":{"line":50,"column":20},"end":{"line":56,"column":6}},"12":{"start":{"line":54,"column":5},"end":{"line":54,"column":null}},"13":{"start":{"line":55,"column":5},"end":{"line":55,"column":null}},"14":{"start":{"line":58,"column":2},"end":{"line":67,"column":null}},"15":{"start":{"line":61,"column":20},"end":{"line":67,"column":6}},"16":{"start":{"line":65,"column":5},"end":{"line":65,"column":null}},"17":{"start":{"line":66,"column":5},"end":{"line":66,"column":null}},"18":{"start":{"line":69,"column":2},"end":{"line":79,"column":null}},"19":{"start":{"line":72,"column":20},"end":{"line":79,"column":6}},"20":{"start":{"line":76,"column":17},"end":{"line":76,"column":null}},"21":{"start":{"line":77,"column":5},"end":{"line":77,"column":null}},"22":{"start":{"line":78,"column":5},"end":{"line":78,"column":null}}},"fnMap":{"0":{"name":"(anonymous_0)","decl":{"start":{"line":25,"column":1},"end":{"line":25,"column":13}},"loc":{"start":{"line":25,"column":55},"end":{"line":28,"column":null}},"line":25},"1":{"name":"(anonymous_1)","decl":{"start":{"line":30,"column":1},"end":{"line":30,"column":17}},"loc":{"start":{"line":30,"column":17},"end":{"line":80,"column":null}},"line":30},"2":{"name":"(anonymous_2)","decl":{"start":{"line":39,"column":12},"end":{"line":39,"column":20}},"loc":{"start":{"line":39,"column":20},"end":{"line":45,"column":6}},"line":39},"3":{"name":"(anonymous_3)","decl":{"start":{"line":42,"column":14},"end":{"line":42,"column":21}},"loc":{"start":{"line":42,"column":31},"end":{"line":45,"column":5}},"line":42},"4":{"name":"(anonymous_4)","decl":{"start":{"line":50,"column":12},"end":{"line":50,"column":20}},"loc":{"start":{"line":50,"column":20},"end":{"line":56,"column":6}},"line":50},"5":{"name":"(anonymous_5)","decl":{"start":{"line":53,"column":14},"end":{"line":53,"column":21}},"loc":{"start":{"line":53,"column":31},"end":{"line":56,"column":5}},"line":53},"6":{"name":"(anonymous_6)","decl":{"start":{"line":61,"column":12},"end":{"line":61,"column":20}},"loc":{"start":{"line":61,"column":20},"end":{"line":67,"column":6}},"line":61},"7":{"name":"(anonymous_7)","decl":{"start":{"line":64,"column":14},"end":{"line":64,"column":21}},"loc":{"start":{"line":64,"column":31},"end":{"line":67,"column":5}},"line":64},"8":{"name":"(anonymous_8)","decl":{"start":{"line":72,"column":12},"end":{"line":72,"column":20}},"loc":{"start":{"line":72,"column":20},"end":{"line":79,"column":6}},"line":72},"9":{"name":"(anonymous_9)","decl":{"start":{"line":75,"column":14},"end":{"line":75,"column":21}},"loc":{"start":{"line":75,"column":31},"end":{"line":79,"column":5}},"line":75}},"branchMap":{"0":{"loc":{"start":{"line":77,"column":53},"end":{"line":77,"column":null}},"type":"cond-expr","locations":[{"start":{"line":77,"column":66},"end":{"line":77,"column":70}},{"start":{"line":77,"column":70},"end":{"line":77,"column":null}}],"line":77}},"s":{"0":0,"1":0,"2":0,"3":0,"4":0,"5":0,"6":0,"7":0,"8":0,"9":0,"10":0,"11":0,"12":0,"13":0,"14":0,"15":0,"16":0,"17":0,"18":0,"19":0,"20":0,"21":0,"22":0},"f":{"0":0,"1":0,"2":0,"3":0,"4":0,"5":0,"6":0,"7":0,"8":0,"9":0},"b":{"0":[0,0]},"meta":{"lastBranch":1,"lastFunction":10,"lastStatement":23,"seen":{"s:15:58:20:Infinity":0,"f:25:1:25:13":0,"s:26:2:26:Infinity":1,"s:27:2:27:Infinity":2,"f:30:1:30:17":1,"s:31:26:31:Infinity":3,"s:32:2:32:Infinity":4,"s:34:2:34:Infinity":5,"s:36:2:45:Infinity":6,"f:39:12:39:20":2,"s:39:20:45:6":7,"f:42:14:42:21":3,"s:43:5:43:Infinity":8,"s:44:5:44:Infinity":9,"s:47:2:56:Infinity":10,"f:50:12:50:20":4,"s:50:20:56:6":11,"f:53:14:53:21":5,"s:54:5:54:Infinity":12,"s:55:5:55:Infinity":13,"s:58:2:67:Infinity":14,"f:61:12:61:20":6,"s:61:20:67:6":15,"f:64:14:64:21":7,"s:65:5:65:Infinity":16,"s:66:5:66:Infinity":17,"s:69:2:79:Infinity":18,"f:72:12:72:20":8,"s:72:20:79:6":19,"f:75:14:75:21":9,"s:76:17:76:Infinity":20,"s:77:5:77:Infinity":21,"b:77:66:77:70:77:70:77:Infinity":0,"s:78:5:78:Infinity":22}}}
,"/home/kunihiros/dev/genimage-inserter/src/types.ts": {"path":"/home/kunihiros/dev/genimage-inserter/src/types.ts","statementMap":{"0":{"start":{"line":53,"column":50},"end":{"line":55,"column":null}},"1":{"start":{"line":58,"column":46},"end":{"line":58,"column":null}},"2":{"start":{"line":61,"column":24},"end":{"line":64,"column":null}}},"fnMap":{},"branchMap":{},"s":{"0":2,"1":2,"2":2},"f":{},"b":{},"meta":{"lastBranch":0,"lastFunction":0,"lastStatement":3,"seen":{"s:53:50:55:Infinity":0,"s:58:46:58:Infinity":1,"s:61:24:64:Infinity":2}}}
,"/home/kunihiros/dev/genimage-inserter/src/__mocks__/obsidian.ts": {"path":"/home/kunihiros/dev/genimage-inserter/src/__mocks__/obsidian.ts","statementMap":{"0":{"start":{"line":8,"column":26},"end":{"line":8,"column":null}},"1":{"start":{"line":12,"column":20},"end":{"line":12,"column":44}},"2":{"start":{"line":12,"column":44},"end":{"line":12,"column":63}},"3":{"start":{"line":21,"column":2},"end":{"line":21,"column":null}},"4":{"start":{"line":22,"column":2},"end":{"line":32,"column":null}},"5":{"start":{"line":47,"column":2},"end":{"line":47,"column":null}},"6":{"start":{"line":48,"column":2},"end":{"line":48,"column":null}},"7":{"start":{"line":57,"column":2},"end":{"line":57,"column":null}},"8":{"start":{"line":61,"column":2},"end":{"line":61,"column":null}},"9":{"start":{"line":65,"column":2},"end":{"line":65,"column":null}},"10":{"start":{"line":69,"column":2},"end":{"line":69,"column":null}},"11":{"start":{"line":75,"column":2},"end":{"line":75,"column":null}},"12":{"start":{"line":84,"column":2},"end":{"line":84,"column":null}},"13":{"start":{"line":88,"column":2},"end":{"line":88,"column":null}},"14":{"start":{"line":94,"column":2},"end":{"line":94,"column":null}},"15":{"start":{"line":101,"column":2},"end":{"line":101,"column":null}},"16":{"start":{"line":107,"column":1},"end":{"line":107,"column":null}},"17":{"start":{"line":108,"column":1},"end":{"line":108,"column":null}},"18":{"start":{"line":109,"column":1},"end":{"line":109,"column":null}},"19":{"start":{"line":110,"column":1},"end":{"line":110,"column":null}},"20":{"start":{"line":111,"column":1},"end":{"line":111,"column":null}},"21":{"start":{"line":116,"column":1},"end":{"line":116,"column":null}},"22":{"start":{"line":117,"column":1},"end":{"line":117,"column":null}},"23":{"start":{"line":118,"column":1},"end":{"line":118,"column":null}},"24":{"start":{"line":119,"column":1},"end":{"line":119,"column":null}},"25":{"start":{"line":121,"column":2},"end":{"line":121,"column":null}},"26":{"start":{"line":127,"column":1},"end":{"line":127,"column":null}},"27":{"start":{"line":128,"column":1},"end":{"line":128,"column":null}},"28":{"start":{"line":129,"column":1},"end":{"line":129,"column":null}},"29":{"start":{"line":135,"column":1},"end":{"line":135,"column":null}},"30":{"start":{"line":138,"column":2},"end":{"line":138,"column":null}},"31":{"start":{"line":145,"column":2},"end":{"line":145,"column":null}},"32":{"start":{"line":151,"column":2},"end":{"line":151,"column":null}},"33":{"start":{"line":157,"column":2},"end":{"line":157,"column":null}},"34":{"start":{"line":175,"column":2},"end":{"line":175,"column":null}},"35":{"start":{"line":176,"column":2},"end":{"line":176,"column":null}},"36":{"start":{"line":180,"column":2},"end":{"line":180,"column":null}},"37":{"start":{"line":186,"column":2},"end":{"line":186,"column":null}},"38":{"start":{"line":224,"column":2},"end":{"line":224,"column":null}},"39":{"start":{"line":225,"column":2},"end":{"line":225,"column":null}},"40":{"start":{"line":226,"column":2},"end":{"line":226,"column":null}},"41":{"start":{"line":242,"column":2},"end":{"line":242,"column":null}},"42":{"start":{"line":243,"column":2},"end":{"line":243,"column":null}},"43":{"start":{"line":244,"column":2},"end":{"line":244,"column":null}},"44":{"start":{"line":245,"column":2},"end":{"line":245,"column":null}},"45":{"start":{"line":246,"column":2},"end":{"line":246,"column":null}},"46":{"start":{"line":250,"column":2},"end":{"line":250,"column":null}},"47":{"start":{"line":254,"column":2},"end":{"line":254,"column":null}},"48":{"start":{"line":258,"column":2},"end":{"line":258,"column":null}},"49":{"start":{"line":259,"column":2},"end":{"line":259,"column":null}},"50":{"start":{"line":263,"column":2},"end":{"line":263,"column":null}},"51":{"start":{"line":264,"column":2},"end":{"line":264,"column":null}},"52":{"start":{"line":268,"column":2},"end":{"line":268,"column":null}},"53":{"start":{"line":269,"column":2},"end":{"line":269,"column":null}},"54":{"start":{"line":273,"column":2},"end":{"line":273,"column":null}},"55":{"start":{"line":274,"column":2},"end":{"line":274,"column":null}},"56":{"start":{"line":278,"column":2},"end":{"line":278,"column":null}},"57":{"start":{"line":279,"column":2},"end":{"line":279,"column":null}},"58":{"start":{"line":288,"column":2},"end":{"line":288,"column":null}},"59":{"start":{"line":292,"column":2},"end":{"line":292,"column":null}},"60":{"start":{"line":296,"column":2},"end":{"line":296,"column":null}},"61":{"start":{"line":300,"column":2},"end":{"line":300,"column":null}},"62":{"start":{"line":309,"column":2},"end":{"line":309,"column":null}},"63":{"start":{"line":313,"column":2},"end":{"line":313,"column":null}},"64":{"start":{"line":317,"column":2},"end":{"line":317,"column":null}},"65":{"start":{"line":321,"column":2},"end":{"line":321,"column":null}},"66":{"start":{"line":330,"column":2},"end":{"line":330,"column":null}},"67":{"start":{"line":334,"column":2},"end":{"line":334,"column":null}},"68":{"start":{"line":338,"column":2},"end":{"line":338,"column":null}},"69":{"start":{"line":347,"column":2},"end":{"line":347,"column":null}},"70":{"start":{"line":351,"column":2},"end":{"line":351,"column":null}},"71":{"start":{"line":355,"column":2},"end":{"line":355,"column":null}},"72":{"start":{"line":359,"column":2},"end":{"line":359,"column":null}},"73":{"start":{"line":363,"column":2},"end":{"line":363,"column":null}},"74":{"start":{"line":372,"column":2},"end":{"line":372,"column":null}},"75":{"start":{"line":376,"column":2},"end":{"line":376,"column":null}},"76":{"start":{"line":380,"column":2},"end":{"line":380,"column":null}},"77":{"start":{"line":384,"column":2},"end":{"line":384,"column":null}},"78":{"start":{"line":388,"column":2},"end":{"line":388,"column":null}},"79":{"start":{"line":398,"column":2},"end":{"line":398,"column":null}},"80":{"start":{"line":399,"column":2},"end":{"line":399,"column":null}},"81":{"start":{"line":408,"column":2},"end":{"line":408,"column":null}},"82":{"start":{"line":412,"column":2},"end":{"line":412,"column":null}},"83":{"start":{"line":416,"column":2},"end":{"line":416,"column":null}},"84":{"start":{"line":422,"column":1},"end":{"line":422,"column":null}}},"fnMap":{"0":{"name":"(anonymous_0)","decl":{"start":{"line":12,"column":1},"end":{"line":12,"column":20}},"loc":{"start":{"line":12,"column":63},"end":{"line":12,"column":null}},"line":12},"1":{"name":"(anonymous_1)","decl":{"start":{"line":20,"column":1},"end":{"line":20,"column":13}},"loc":{"start":{"line":20,"column":23},"end":{"line":33,"column":null}},"line":20},"2":{"name":"(anonymous_2)","decl":{"start":{"line":35,"column":1},"end":{"line":35,"column":8}},"loc":{"start":{"line":35,"column":8},"end":{"line":35,"column":null}},"line":35},"3":{"name":"(anonymous_3)","decl":{"start":{"line":36,"column":1},"end":{"line":36,"column":9}},"loc":{"start":{"line":36,"column":9},"end":{"line":36,"column":null}},"line":36},"4":{"name":"(anonymous_4)","decl":{"start":{"line":37,"column":1},"end":{"line":37,"column":10}},"loc":{"start":{"line":37,"column":10},"end":{"line":37,"column":null}},"line":37},"5":{"name":"(anonymous_5)","decl":{"start":{"line":38,"column":1},"end":{"line":38,"column":11}},"loc":{"start":{"line":38,"column":11},"end":{"line":38,"column":null}},"line":38},"6":{"name":"(anonymous_6)","decl":{"start":{"line":46,"column":1},"end":{"line":46,"column":15}},"loc":{"start":{"line":46,"column":15},"end":{"line":49,"column":null}},"line":46},"7":{"name":"(anonymous_7)","decl":{"start":{"line":56,"column":1},"end":{"line":56,"column":15}},"loc":{"start":{"line":56,"column":15},"end":{"line":58,"column":null}},"line":56},"8":{"name":"(anonymous_8)","decl":{"start":{"line":60,"column":7},"end":{"line":60,"column":12}},"loc":{"start":{"line":60,"column":42},"end":{"line":62,"column":null}},"line":60},"9":{"name":"(anonymous_9)","decl":{"start":{"line":64,"column":7},"end":{"line":64,"column":14}},"loc":{"start":{"line":64,"column":72},"end":{"line":66,"column":null}},"line":64},"10":{"name":"(anonymous_10)","decl":{"start":{"line":68,"column":7},"end":{"line":68,"column":20}},"loc":{"start":{"line":68,"column":69},"end":{"line":70,"column":null}},"line":68},"11":{"name":"(anonymous_11)","decl":{"start":{"line":72,"column":7},"end":{"line":72,"column":14}},"loc":{"start":{"line":72,"column":56},"end":{"line":72,"column":null}},"line":72},"12":{"name":"(anonymous_12)","decl":{"start":{"line":74,"column":1},"end":{"line":74,"column":23}},"loc":{"start":{"line":74,"column":59},"end":{"line":76,"column":null}},"line":74},"13":{"name":"(anonymous_13)","decl":{"start":{"line":78,"column":7},"end":{"line":78,"column":20}},"loc":{"start":{"line":78,"column":49},"end":{"line":78,"column":null}},"line":78},"14":{"name":"(anonymous_14)","decl":{"start":{"line":83,"column":7},"end":{"line":83,"column":14}},"loc":{"start":{"line":83,"column":46},"end":{"line":85,"column":null}},"line":83},"15":{"name":"(anonymous_15)","decl":{"start":{"line":87,"column":7},"end":{"line":87,"column":12}},"loc":{"start":{"line":87,"column":43},"end":{"line":89,"column":null}},"line":87},"16":{"name":"(anonymous_16)","decl":{"start":{"line":91,"column":7},"end":{"line":91,"column":13}},"loc":{"start":{"line":91,"column":56},"end":{"line":91,"column":null}},"line":91},"17":{"name":"(anonymous_17)","decl":{"start":{"line":93,"column":1},"end":{"line":93,"column":23}},"loc":{"start":{"line":93,"column":23},"end":{"line":95,"column":null}},"line":93},"18":{"name":"(anonymous_18)","decl":{"start":{"line":100,"column":1},"end":{"line":100,"column":24}},"loc":{"start":{"line":100,"column":67},"end":{"line":102,"column":null}},"line":100},"19":{"name":"(anonymous_19)","decl":{"start":{"line":106,"column":7},"end":{"line":106,"column":13}},"loc":{"start":{"line":106,"column":7},"end":{"line":111,"column":null}},"line":106},"20":{"name":"(anonymous_20)","decl":{"start":{"line":115,"column":7},"end":{"line":115,"column":13}},"loc":{"start":{"line":115,"column":7},"end":{"line":119,"column":null}},"line":115},"21":{"name":"(anonymous_21)","decl":{"start":{"line":120,"column":1},"end":{"line":120,"column":19}},"loc":{"start":{"line":120,"column":19},"end":{"line":122,"column":null}},"line":120},"22":{"name":"(anonymous_22)","decl":{"start":{"line":126,"column":7},"end":{"line":126,"column":13}},"loc":{"start":{"line":126,"column":7},"end":{"line":129,"column":null}},"line":126},"23":{"name":"(anonymous_23)","decl":{"start":{"line":137,"column":1},"end":{"line":137,"column":15}},"loc":{"start":{"line":137,"column":15},"end":{"line":139,"column":null}},"line":137},"24":{"name":"(anonymous_24)","decl":{"start":{"line":144,"column":1},"end":{"line":144,"column":20}},"loc":{"start":{"line":144,"column":20},"end":{"line":146,"column":null}},"line":144},"25":{"name":"(anonymous_25)","decl":{"start":{"line":148,"column":1},"end":{"line":148,"column":10}},"loc":{"start":{"line":148,"column":31},"end":{"line":148,"column":null}},"line":148},"26":{"name":"(anonymous_26)","decl":{"start":{"line":150,"column":1},"end":{"line":150,"column":29}},"loc":{"start":{"line":150,"column":29},"end":{"line":152,"column":null}},"line":150},"27":{"name":"(anonymous_27)","decl":{"start":{"line":154,"column":1},"end":{"line":154,"column":11}},"loc":{"start":{"line":154,"column":38},"end":{"line":154,"column":null}},"line":154},"28":{"name":"(anonymous_28)","decl":{"start":{"line":156,"column":1},"end":{"line":156,"column":9}},"loc":{"start":{"line":156,"column":31},"end":{"line":158,"column":null}},"line":156},"29":{"name":"(anonymous_29)","decl":{"start":{"line":160,"column":1},"end":{"line":160,"column":14}},"loc":{"start":{"line":160,"column":84},"end":{"line":160,"column":null}},"line":160},"30":{"name":"(anonymous_30)","decl":{"start":{"line":174,"column":1},"end":{"line":174,"column":13}},"loc":{"start":{"line":174,"column":49},"end":{"line":177,"column":null}},"line":174},"31":{"name":"(anonymous_31)","decl":{"start":{"line":179,"column":7},"end":{"line":179,"column":32}},"loc":{"start":{"line":179,"column":32},"end":{"line":181,"column":null}},"line":179},"32":{"name":"(anonymous_32)","decl":{"start":{"line":183,"column":7},"end":{"line":183,"column":16}},"loc":{"start":{"line":183,"column":42},"end":{"line":183,"column":null}},"line":183},"33":{"name":"(anonymous_33)","decl":{"start":{"line":185,"column":1},"end":{"line":185,"column":12}},"loc":{"start":{"line":185,"column":39},"end":{"line":187,"column":null}},"line":185},"34":{"name":"(anonymous_34)","decl":{"start":{"line":189,"column":1},"end":{"line":189,"column":15}},"loc":{"start":{"line":189,"column":51},"end":{"line":189,"column":null}},"line":189},"35":{"name":"(anonymous_35)","decl":{"start":{"line":191,"column":1},"end":{"line":191,"column":15}},"loc":{"start":{"line":191,"column":41},"end":{"line":191,"column":null}},"line":191},"36":{"name":"(anonymous_36)","decl":{"start":{"line":193,"column":1},"end":{"line":193,"column":18}},"loc":{"start":{"line":193,"column":106},"end":{"line":193,"column":null}},"line":193},"37":{"name":"(anonymous_37)","decl":{"start":{"line":223,"column":1},"end":{"line":223,"column":13}},"loc":{"start":{"line":223,"column":39},"end":{"line":227,"column":null}},"line":223},"38":{"name":"(anonymous_38)","decl":{"start":{"line":229,"column":1},"end":{"line":229,"column":17}},"loc":{"start":{"line":229,"column":17},"end":{"line":229,"column":null}},"line":229},"39":{"name":"(anonymous_39)","decl":{"start":{"line":230,"column":1},"end":{"line":230,"column":14}},"loc":{"start":{"line":230,"column":14},"end":{"line":230,"column":null}},"line":230},"40":{"name":"(anonymous_40)","decl":{"start":{"line":241,"column":1},"end":{"line":241,"column":13}},"loc":{"start":{"line":241,"column":39},"end":{"line":247,"column":null}},"line":241},"41":{"name":"(anonymous_41)","decl":{"start":{"line":249,"column":1},"end":{"line":249,"column":9}},"loc":{"start":{"line":249,"column":29},"end":{"line":251,"column":null}},"line":249},"42":{"name":"(anonymous_42)","decl":{"start":{"line":253,"column":1},"end":{"line":253,"column":9}},"loc":{"start":{"line":253,"column":29},"end":{"line":255,"column":null}},"line":253},"43":{"name":"(anonymous_43)","decl":{"start":{"line":257,"column":1},"end":{"line":257,"column":9}},"loc":{"start":{"line":257,"column":50},"end":{"line":260,"column":null}},"line":257},"44":{"name":"(anonymous_44)","decl":{"start":{"line":262,"column":1},"end":{"line":262,"column":13}},"loc":{"start":{"line":262,"column":58},"end":{"line":265,"column":null}},"line":262},"45":{"name":"(anonymous_45)","decl":{"start":{"line":267,"column":1},"end":{"line":267,"column":11}},"loc":{"start":{"line":267,"column":56},"end":{"line":270,"column":null}},"line":267},"46":{"name":"(anonymous_46)","decl":{"start":{"line":272,"column":1},"end":{"line":272,"column":13}},"loc":{"start":{"line":272,"column":62},"end":{"line":275,"column":null}},"line":272},"47":{"name":"(anonymous_47)","decl":{"start":{"line":277,"column":1},"end":{"line":277,"column":11}},"loc":{"start":{"line":277,"column":56},"end":{"line":280,"column":null}},"line":277},"48":{"name":"(anonymous_48)","decl":{"start":{"line":287,"column":1},"end":{"line":287,"column":13}},"loc":{"start":{"line":287,"column":39},"end":{"line":289,"column":null}},"line":287},"49":{"name":"(anonymous_49)","decl":{"start":{"line":291,"column":1},"end":{"line":291,"column":10}},"loc":{"start":{"line":291,"column":31},"end":{"line":293,"column":null}},"line":291},"50":{"name":"(anonymous_50)","decl":{"start":{"line":295,"column":1},"end":{"line":295,"column":16}},"loc":{"start":{"line":295,"column":43},"end":{"line":297,"column":null}},"line":295},"51":{"name":"(anonymous_51)","decl":{"start":{"line":299,"column":1},"end":{"line":299,"column":10}},"loc":{"start":{"line":299,"column":51},"end":{"line":301,"column":null}},"line":299},"52":{"name":"(anonymous_52)","decl":{"start":{"line":308,"column":1},"end":{"line":308,"column":13}},"loc":{"start":{"line":308,"column":39},"end":{"line":310,"column":null}},"line":308},"53":{"name":"(anonymous_53)","decl":{"start":{"line":312,"column":1},"end":{"line":312,"column":10}},"loc":{"start":{"line":312,"column":31},"end":{"line":314,"column":null}},"line":312},"54":{"name":"(anonymous_54)","decl":{"start":{"line":316,"column":1},"end":{"line":316,"column":16}},"loc":{"start":{"line":316,"column":43},"end":{"line":318,"column":null}},"line":316},"55":{"name":"(anonymous_55)","decl":{"start":{"line":320,"column":1},"end":{"line":320,"column":10}},"loc":{"start":{"line":320,"column":51},"end":{"line":322,"column":null}},"line":320},"56":{"name":"(anonymous_56)","decl":{"start":{"line":329,"column":1},"end":{"line":329,"column":13}},"loc":{"start":{"line":329,"column":39},"end":{"line":331,"column":null}},"line":329},"57":{"name":"(anonymous_57)","decl":{"start":{"line":333,"column":1},"end":{"line":333,"column":10}},"loc":{"start":{"line":333,"column":32},"end":{"line":335,"column":null}},"line":333},"58":{"name":"(anonymous_58)","decl":{"start":{"line":337,"column":1},"end":{"line":337,"column":10}},"loc":{"start":{"line":337,"column":52},"end":{"line":339,"column":null}},"line":337},"59":{"name":"(anonymous_59)","decl":{"start":{"line":346,"column":1},"end":{"line":346,"column":13}},"loc":{"start":{"line":346,"column":39},"end":{"line":348,"column":null}},"line":346},"60":{"name":"(anonymous_60)","decl":{"start":{"line":350,"column":1},"end":{"line":350,"column":10}},"loc":{"start":{"line":350,"column":31},"end":{"line":352,"column":null}},"line":350},"61":{"name":"(anonymous_61)","decl":{"start":{"line":354,"column":1},"end":{"line":354,"column":11}},"loc":{"start":{"line":354,"column":49},"end":{"line":356,"column":null}},"line":354},"62":{"name":"(anonymous_62)","decl":{"start":{"line":358,"column":1},"end":{"line":358,"column":12}},"loc":{"start":{"line":358,"column":51},"end":{"line":360,"column":null}},"line":358},"63":{"name":"(anonymous_63)","decl":{"start":{"line":362,"column":1},"end":{"line":362,"column":10}},"loc":{"start":{"line":362,"column":51},"end":{"line":364,"column":null}},"line":362},"64":{"name":"(anonymous_64)","decl":{"start":{"line":371,"column":1},"end":{"line":371,"column":13}},"loc":{"start":{"line":371,"column":39},"end":{"line":373,"column":null}},"line":371},"65":{"name":"(anonymous_65)","decl":{"start":{"line":375,"column":1},"end":{"line":375,"column":15}},"loc":{"start":{"line":375,"column":35},"end":{"line":377,"column":null}},"line":375},"66":{"name":"(anonymous_66)","decl":{"start":{"line":379,"column":1},"end":{"line":379,"column":16}},"loc":{"start":{"line":379,"column":16},"end":{"line":381,"column":null}},"line":379},"67":{"name":"(anonymous_67)","decl":{"start":{"line":383,"column":1},"end":{"line":383,"column":20}},"loc":{"start":{"line":383,"column":20},"end":{"line":385,"column":null}},"line":383},"68":{"name":"(anonymous_68)","decl":{"start":{"line":387,"column":1},"end":{"line":387,"column":9}},"loc":{"start":{"line":387,"column":37},"end":{"line":389,"column":null}},"line":387},"69":{"name":"(anonymous_69)","decl":{"start":{"line":397,"column":1},"end":{"line":397,"column":9}},"loc":{"start":{"line":397,"column":45},"end":{"line":400,"column":null}},"line":397},"70":{"name":"(anonymous_70)","decl":{"start":{"line":402,"column":1},"end":{"line":402,"column":18}},"loc":{"start":{"line":402,"column":43},"end":{"line":402,"column":null}},"line":402},"71":{"name":"(anonymous_71)","decl":{"start":{"line":407,"column":1},"end":{"line":407,"column":10}},"loc":{"start":{"line":407,"column":31},"end":{"line":409,"column":null}},"line":407},"72":{"name":"(anonymous_72)","decl":{"start":{"line":411,"column":1},"end":{"line":411,"column":9}},"loc":{"start":{"line":411,"column":29},"end":{"line":413,"column":null}},"line":411},"73":{"name":"(anonymous_73)","decl":{"start":{"line":415,"column":1},"end":{"line":415,"column":9}},"loc":{"start":{"line":415,"column":37},"end":{"line":417,"column":null}},"line":415},"74":{"name":"normalizePath","decl":{"start":{"line":421,"column":16},"end":{"line":421,"column":30}},"loc":{"start":{"line":421,"column":52},"end":{"line":423,"column":null}},"line":421}},"branchMap":{},"s":{"0":2,"1":0,"2":0,"3":0,"4":0,"5":0,"6":0,"7":0,"8":0,"9":0,"10":0,"11":0,"12":0,"13":0,"14":0,"15":0,"16":0,"17":0,"18":0,"19":0,"20":0,"21":0,"22":0,"23":0,"24":0,"25":0,"26":0,"27":0,"28":0,"29":0,"30":0,"31":0,"32":0,"33":0,"34":0,"35":0,"36":0,"37":0,"38":0,"39":0,"40":0,"41":0,"42":0,"43":0,"44":0,"45":0,"46":0,"47":0,"48":0,"49":0,"50":0,"51":0,"52":0,"53":0,"54":0,"55":0,"56":0,"57":0,"58":0,"59":0,"60":0,"61":0,"62":0,"63":0,"64":0,"65":0,"66":0,"67":0,"68":0,"69":0,"70":0,"71":0,"72":0,"73":0,"74":0,"75":0,"76":0,"77":0,"78":0,"79":0,"80":0,"81":0,"82":0,"83":0,"84":0},"f":{"0":0,"1":0,"2":0,"3":0,"4":0,"5":0,"6":0,"7":0,"8":0,"9":0,"10":0,"11":0,"12":0,"13":0,"14":0,"15":0,"16":0,"17":0,"18":0,"19":0,"20":0,"21":0,"22":0,"23":0,"24":0,"25":0,"26":0,"27":0,"28":0,"29":0,"30":0,"31":0,"32":0,"33":0,"34":0,"35":0,"36":0,"37":0,"38":0,"39":0,"40":0,"41":0,"42":0,"43":0,"44":0,"45":0,"46":0,"47":0,"48":0,"49":0,"50":0,"51":0,"52":0,"53":0,"54":0,"55":0,"56":0,"57":0,"58":0,"59":0,"60":0,"61":0,"62":0,"63":0,"64":0,"65":0,"66":0,"67":0,"68":0,"69":0,"70":0,"71":0,"72":0,"73":0,"74":0},"b":{},"meta":{"lastBranch":0,"lastFunction":75,"lastStatement":85,"seen":{"s:8:26:8:Infinity":0,"f:12:1:12:20":0,"s:12:20:12:44":1,"s:12:44:12:63":2,"f:20:1:20:13":1,"s:21:2:21:Infinity":3,"s:22:2:32:Infinity":4,"f:35:1:35:8":2,"f:36:1:36:9":3,"f:37:1:37:10":4,"f:38:1:38:11":5,"f:46:1:46:15":6,"s:47:2:47:Infinity":5,"s:48:2:48:Infinity":6,"f:56:1:56:15":7,"s:57:2:57:Infinity":7,"f:60:7:60:12":8,"s:61:2:61:Infinity":8,"f:64:7:64:14":9,"s:65:2:65:Infinity":9,"f:68:7:68:20":10,"s:69:2:69:Infinity":10,"f:72:7:72:14":11,"f:74:1:74:23":12,"s:75:2:75:Infinity":11,"f:78:7:78:20":13,"f:83:7:83:14":14,"s:84:2:84:Infinity":12,"f:87:7:87:12":15,"s:88:2:88:Infinity":13,"f:91:7:91:13":16,"f:93:1:93:23":17,"s:94:2:94:Infinity":14,"f:100:1:100:24":18,"s:101:2:101:Infinity":15,"f:106:7:106:13":19,"s:107:1:107:Infinity":16,"s:108:1:108:Infinity":17,"s:109:1:109:Infinity":18,"s:110:1:110:Infinity":19,"s:111:1:111:Infinity":20,"f:115:7:115:13":20,"s:116:1:116:Infinity":21,"s:117:1:117:Infinity":22,"s:118:1:118:Infinity":23,"s:119:1:119:Infinity":24,"f:120:1:120:19":21,"s:121:2:121:Infinity":25,"f:126:7:126:13":22,"s:127:1:127:Infinity":26,"s:128:1:128:Infinity":27,"s:129:1:129:Infinity":28,"f:137:1:137:15":23,"s:135:1:135:Infinity":29,"s:138:2:138:Infinity":30,"f:144:1:144:20":24,"s:145:2:145:Infinity":31,"f:148:1:148:10":25,"f:150:1:150:29":26,"s:151:2:151:Infinity":32,"f:154:1:154:11":27,"f:156:1:156:9":28,"s:157:2:157:Infinity":33,"f:160:1:160:14":29,"f:174:1:174:13":30,"s:175:2:175:Infinity":34,"s:176:2:176:Infinity":35,"f:179:7:179:32":31,"s:180:2:180:Infinity":36,"f:183:7:183:16":32,"f:185:1:185:12":33,"s:186:2:186:Infinity":37,"f:189:1:189:15":34,"f:191:1:191:15":35,"f:193:1:193:18":36,"f:223:1:223:13":37,"s:224:2:224:Infinity":38,"s:225:2:225:Infinity":39,"s:226:2:226:Infinity":40,"f:229:1:229:17":38,"f:230:1:230:14":39,"f:241:1:241:13":40,"s:242:2:242:Infinity":41,"s:243:2:243:Infinity":42,"s:244:2:244:Infinity":43,"s:245:2:245:Infinity":44,"s:246:2:246:Infinity":45,"f:249:1:249:9":41,"s:250:2:250:Infinity":46,"f:253:1:253:9":42,"s:254:2:254:Infinity":47,"f:257:1:257:9":43,"s:258:2:258:Infinity":48,"s:259:2:259:Infinity":49,"f:262:1:262:13":44,"s:263:2:263:Infinity":50,"s:264:2:264:Infinity":51,"f:267:1:267:11":45,"s:268:2:268:Infinity":52,"s:269:2:269:Infinity":53,"f:272:1:272:13":46,"s:273:2:273:Infinity":54,"s:274:2:274:Infinity":55,"f:277:1:277:11":47,"s:278:2:278:Infinity":56,"s:279:2:279:Infinity":57,"f:287:1:287:13":48,"s:288:2:288:Infinity":58,"f:291:1:291:10":49,"s:292:2:292:Infinity":59,"f:295:1:295:16":50,"s:296:2:296:Infinity":60,"f:299:1:299:10":51,"s:300:2:300:Infinity":61,"f:308:1:308:13":52,"s:309:2:309:Infinity":62,"f:312:1:312:10":53,"s:313:2:313:Infinity":63,"f:316:1:316:16":54,"s:317:2:317:Infinity":64,"f:320:1:320:10":55,"s:321:2:321:Infinity":65,"f:329:1:329:13":56,"s:330:2:330:Infinity":66,"f:333:1:333:10":57,"s:334:2:334:Infinity":67,"f:337:1:337:10":58,"s:338:2:338:Infinity":68,"f:346:1:346:13":59,"s:347:2:347:Infinity":69,"f:350:1:350:10":60,"s:351:2:351:Infinity":70,"f:354:1:354:11":61,"s:355:2:355:Infinity":71,"f:358:1:358:12":62,"s:359:2:359:Infinity":72,"f:362:1:362:10":63,"s:363:2:363:Infinity":73,"f:371:1:371:13":64,"s:372:2:372:Infinity":74,"f:375:1:375:15":65,"s:376:2:376:Infinity":75,"f:379:1:379:16":66,"s:380:2:380:Infinity":76,"f:383:1:383:20":67,"s:384:2:384:Infinity":77,"f:387:1:387:9":68,"s:388:2:388:Infinity":78,"f:397:1:397:9":69,"s:398:2:398:Infinity":79,"s:399:2:399:Infinity":80,"f:402:1:402:18":70,"f:407:1:407:10":71,"s:408:2:408:Infinity":81,"f:411:1:411:9":72,"s:412:2:412:Infinity":82,"f:415:1:415:9":73,"s:416:2:416:Infinity":83,"f:421:16:421:30":74,"s:422:1:422:Infinity":84}}}
,"/home/kunihiros/dev/genimage-inserter/src/api/gemini.ts": {"path":"/home/kunihiros/dev/genimage-inserter/src/api/gemini.ts","statementMap":{"0":{"start":{"line":10,"column":24},"end":{"line":10,"column":null}},"1":{"start":{"line":51,"column":2},"end":{"line":51,"column":null}},"2":{"start":{"line":52,"column":2},"end":{"line":52,"column":null}},"3":{"start":{"line":69,"column":16},"end":{"line":69,"column":null}},"4":{"start":{"line":70,"column":14},"end":{"line":70,"column":null}},"5":{"start":{"line":73,"column":21},"end":{"line":73,"column":null}},"6":{"start":{"line":75,"column":37},"end":{"line":86,"column":null}},"7":{"start":{"line":88,"column":2},"end":{"line":93,"column":null}},"8":{"start":{"line":95,"column":2},"end":{"line":138,"column":null}},"9":{"start":{"line":96,"column":20},"end":{"line":104,"column":null}},"10":{"start":{"line":106,"column":16},"end":{"line":106,"column":null}},"11":{"start":{"line":109,"column":3},"end":{"line":116,"column":null}},"12":{"start":{"line":110,"column":4},"end":{"line":114,"column":null}},"13":{"start":{"line":115,"column":4},"end":{"line":115,"column":null}},"14":{"start":{"line":119,"column":17},"end":{"line":119,"column":null}},"15":{"start":{"line":120,"column":3},"end":{"line":123,"column":null}},"16":{"start":{"line":121,"column":4},"end":{"line":121,"column":null}},"17":{"start":{"line":122,"column":4},"end":{"line":122,"column":null}},"18":{"start":{"line":125,"column":3},"end":{"line":128,"column":null}},"19":{"start":{"line":130,"column":3},"end":{"line":130,"column":null}},"20":{"start":{"line":133,"column":3},"end":{"line":136,"column":null}},"21":{"start":{"line":134,"column":4},"end":{"line":134,"column":null}},"22":{"start":{"line":135,"column":4},"end":{"line":135,"column":null}},"23":{"start":{"line":137,"column":3},"end":{"line":137,"column":null}},"24":{"start":{"line":145,"column":21},"end":{"line":145,"column":null}},"25":{"start":{"line":146,"column":2},"end":{"line":148,"column":null}},"26":{"start":{"line":147,"column":3},"end":{"line":147,"column":null}},"27":{"start":{"line":150,"column":25},"end":{"line":150,"column":null}},"28":{"start":{"line":151,"column":2},"end":{"line":153,"column":null}},"29":{"start":{"line":152,"column":3},"end":{"line":152,"column":null}},"30":{"start":{"line":155,"column":16},"end":{"line":155,"column":null}},"31":{"start":{"line":156,"column":2},"end":{"line":158,"column":null}},"32":{"start":{"line":157,"column":3},"end":{"line":157,"column":null}},"33":{"start":{"line":161,"column":2},"end":{"line":168,"column":null}},"34":{"start":{"line":162,"column":3},"end":{"line":167,"column":null}},"35":{"start":{"line":163,"column":4},"end":{"line":166,"column":null}},"36":{"start":{"line":170,"column":2},"end":{"line":170,"column":null}}},"fnMap":{"0":{"name":"(anonymous_0)","decl":{"start":{"line":50,"column":1},"end":{"line":50,"column":13}},"loc":{"start":{"line":50,"column":48},"end":{"line":53,"column":null}},"line":50},"1":{"name":"(anonymous_1)","decl":{"start":{"line":63,"column":7},"end":{"line":63,"column":null}},"loc":{"start":{"line":68,"column":28},"end":{"line":139,"column":null}},"line":68},"2":{"name":"(anonymous_2)","decl":{"start":{"line":144,"column":9},"end":{"line":144,"column":34}},"loc":{"start":{"line":144,"column":83},"end":{"line":171,"column":null}},"line":144}},"branchMap":{"0":{"loc":{"start":{"line":109,"column":3},"end":{"line":116,"column":null}},"type":"if","locations":[{"start":{"line":109,"column":3},"end":{"line":116,"column":null}},{"start":{},"end":{}}],"line":109},"1":{"loc":{"start":{"line":120,"column":3},"end":{"line":123,"column":null}},"type":"if","locations":[{"start":{"line":120,"column":3},"end":{"line":123,"column":null}},{"start":{},"end":{}}],"line":120},"2":{"loc":{"start":{"line":133,"column":3},"end":{"line":136,"column":null}},"type":"if","locations":[{"start":{"line":133,"column":3},"end":{"line":136,"column":null}},{"start":{},"end":{}}],"line":133},"3":{"loc":{"start":{"line":146,"column":2},"end":{"line":148,"column":null}},"type":"if","locations":[{"start":{"line":146,"column":2},"end":{"line":148,"column":null}},{"start":{},"end":{}}],"line":146},"4":{"loc":{"start":{"line":146,"column":6},"end":{"line":146,"column":46}},"type":"binary-expr","locations":[{"start":{"line":146,"column":6},"end":{"line":146,"column":21}},{"start":{"line":146,"column":21},"end":{"line":146,"column":46}}],"line":146},"5":{"loc":{"start":{"line":151,"column":2},"end":{"line":153,"column":null}},"type":"if","locations":[{"start":{"line":151,"column":2},"end":{"line":153,"column":null}},{"start":{},"end":{}}],"line":151},"6":{"loc":{"start":{"line":151,"column":6},"end":{"line":151,"column":50}},"type":"binary-expr","locations":[{"start":{"line":151,"column":6},"end":{"line":151,"column":25}},{"start":{"line":151,"column":25},"end":{"line":151,"column":50}}],"line":151},"7":{"loc":{"start":{"line":156,"column":2},"end":{"line":158,"column":null}},"type":"if","locations":[{"start":{"line":156,"column":2},"end":{"line":158,"column":null}},{"start":{},"end":{}}],"line":156},"8":{"loc":{"start":{"line":162,"column":3},"end":{"line":167,"column":null}},"type":"if","locations":[{"start":{"line":162,"column":3},"end":{"line":167,"column":null}},{"start":{},"end":{}}],"line":162}},"s":{"0":1,"1":9,"2":9,"3":9,"4":9,"5":9,"6":9,"7":9,"8":9,"9":9,"10":9,"11":9,"12":1,"13":1,"14":8,"15":8,"16":2,"17":2,"18":6,"19":6,"20":3,"21":3,"22":3,"23":0,"24":8,"25":8,"26":1,"27":7,"28":7,"29":0,"30":7,"31":7,"32":0,"33":7,"34":7,"35":6,"36":1},"f":{"0":9,"1":9,"2":8},"b":{"0":[1,8],"1":[2,6],"2":[3,0],"3":[1,7],"4":[8,8],"5":[0,7],"6":[7,7],"7":[0,7],"8":[6,1]},"meta":{"lastBranch":9,"lastFunction":3,"lastStatement":37,"seen":{"s:10:24:10:Infinity":0,"f:50:1:50:13":0,"s:51:2:51:Infinity":1,"s:52:2:52:Infinity":2,"f:63:7:63:Infinity":1,"s:69:16:69:Infinity":3,"s:70:14:70:Infinity":4,"s:73:21:73:Infinity":5,"s:75:37:86:Infinity":6,"s:88:2:93:Infinity":7,"s:95:2:138:Infinity":8,"s:96:20:104:Infinity":9,"s:106:16:106:Infinity":10,"b:109:3:116:Infinity:undefined:undefined:undefined:undefined":0,"s:109:3:116:Infinity":11,"s:110:4:114:Infinity":12,"s:115:4:115:Infinity":13,"s:119:17:119:Infinity":14,"b:120:3:123:Infinity:undefined:undefined:undefined:undefined":1,"s:120:3:123:Infinity":15,"s:121:4:121:Infinity":16,"s:122:4:122:Infinity":17,"s:125:3:128:Infinity":18,"s:130:3:130:Infinity":19,"b:133:3:136:Infinity:undefined:undefined:undefined:undefined":2,"s:133:3:136:Infinity":20,"s:134:4:134:Infinity":21,"s:135:4:135:Infinity":22,"s:137:3:137:Infinity":23,"f:144:9:144:34":2,"s:145:21:145:Infinity":24,"b:146:2:148:Infinity:undefined:undefined:undefined:undefined":3,"s:146:2:148:Infinity":25,"b:146:6:146:21:146:21:146:46":4,"s:147:3:147:Infinity":26,"s:150:25:150:Infinity":27,"b:151:2:153:Infinity:undefined:undefined:undefined:undefined":5,"s:151:2:153:Infinity":28,"b:151:6:151:25:151:25:151:50":6,"s:152:3:152:Infinity":29,"s:155:16:155:Infinity":30,"b:156:2:158:Infinity:undefined:undefined:undefined:undefined":7,"s:156:2:158:Infinity":31,"s:157:3:157:Infinity":32,"s:161:2:168:Infinity":33,"b:162:3:167:Infinity:undefined:undefined:undefined:undefined":8,"s:162:3:167:Infinity":34,"s:163:4:166:Infinity":35,"s:170:2:170:Infinity":36}}}
,"/home/kunihiros/dev/genimage-inserter/src/services/image-generator.ts": {"path":"/home/kunihiros/dev/genimage-inserter/src/services/image-generator.ts","statementMap":{"0":{"start":{"line":18,"column":43},"end":{"line":24,"column":null}},"1":{"start":{"line":25,"column":1},"end":{"line":25,"column":null}},"2":{"start":{"line":32,"column":13},"end":{"line":32,"column":null}},"3":{"start":{"line":33,"column":14},"end":{"line":33,"column":null}},"4":{"start":{"line":34,"column":15},"end":{"line":34,"column":null}},"5":{"start":{"line":35,"column":13},"end":{"line":35,"column":null}},"6":{"start":{"line":36,"column":14},"end":{"line":36,"column":null}},"7":{"start":{"line":37,"column":16},"end":{"line":37,"column":null}},"8":{"start":{"line":38,"column":16},"end":{"line":38,"column":null}},"9":{"start":{"line":39,"column":1},"end":{"line":39,"column":null}},"10":{"start":{"line":46,"column":1},"end":{"line":46,"column":null}},"11":{"start":{"line":53,"column":1},"end":{"line":53,"column":null}},"12":{"start":{"line":56,"column":2},"end":{"line":56,"column":null}},"13":{"start":{"line":57,"column":2},"end":{"line":57,"column":null}},"14":{"start":{"line":58,"column":2},"end":{"line":58,"column":null}},"15":{"start":{"line":65,"column":2},"end":{"line":65,"column":null}},"16":{"start":{"line":80,"column":2},"end":{"line":84,"column":null}},"17":{"start":{"line":81,"column":3},"end":{"line":81,"column":null}},"18":{"start":{"line":82,"column":3},"end":{"line":82,"column":null}},"19":{"start":{"line":83,"column":3},"end":{"line":83,"column":null}},"20":{"start":{"line":86,"column":2},"end":{"line":86,"column":null}},"21":{"start":{"line":87,"column":66},"end":{"line":87,"column":null}},"22":{"start":{"line":88,"column":37},"end":{"line":88,"column":null}},"23":{"start":{"line":90,"column":2},"end":{"line":153,"column":null}},"24":{"start":{"line":92,"column":3},"end":{"line":92,"column":null}},"25":{"start":{"line":95,"column":9},"end":{"line":95,"column":null}},"26":{"start":{"line":96,"column":3},"end":{"line":96,"column":null}},"27":{"start":{"line":99,"column":23},"end":{"line":99,"column":null}},"28":{"start":{"line":100,"column":3},"end":{"line":100,"column":null}},"29":{"start":{"line":104,"column":3},"end":{"line":110,"column":null}},"30":{"start":{"line":105,"column":4},"end":{"line":105,"column":null}},"31":{"start":{"line":108,"column":4},"end":{"line":108,"column":null}},"32":{"start":{"line":109,"column":4},"end":{"line":109,"column":null}},"33":{"start":{"line":112,"column":3},"end":{"line":112,"column":null}},"34":{"start":{"line":115,"column":19},"end":{"line":115,"column":null}},"35":{"start":{"line":116,"column":3},"end":{"line":122,"column":null}},"36":{"start":{"line":117,"column":4},"end":{"line":117,"column":null}},"37":{"start":{"line":119,"column":4},"end":{"line":121,"column":null}},"38":{"start":{"line":120,"column":5},"end":{"line":120,"column":null}},"39":{"start":{"line":125,"column":17},"end":{"line":125,"column":null}},"40":{"start":{"line":128,"column":21},"end":{"line":128,"column":null}},"41":{"start":{"line":129,"column":3},"end":{"line":129,"column":null}},"42":{"start":{"line":132,"column":21},"end":{"line":132,"column":null}},"43":{"start":{"line":133,"column":3},"end":{"line":133,"column":null}},"44":{"start":{"line":136,"column":3},"end":{"line":136,"column":null}},"45":{"start":{"line":137,"column":3},"end":{"line":137,"column":null}},"46":{"start":{"line":140,"column":19},"end":{"line":140,"column":null}},"47":{"start":{"line":141,"column":3},"end":{"line":141,"column":null}},"48":{"start":{"line":142,"column":3},"end":{"line":142,"column":null}},"49":{"start":{"line":144,"column":3},"end":{"line":144,"column":null}},"50":{"start":{"line":147,"column":3},"end":{"line":149,"column":null}},"51":{"start":{"line":148,"column":4},"end":{"line":148,"column":null}},"52":{"start":{"line":150,"column":3},"end":{"line":152,"column":null}},"53":{"start":{"line":151,"column":4},"end":{"line":151,"column":null}},"54":{"start":{"line":160,"column":2},"end":{"line":162,"column":null}},"55":{"start":{"line":161,"column":3},"end":{"line":161,"column":null}},"56":{"start":{"line":163,"column":2},"end":{"line":165,"column":null}},"57":{"start":{"line":164,"column":3},"end":{"line":164,"column":null}},"58":{"start":{"line":166,"column":2},"end":{"line":168,"column":null}},"59":{"start":{"line":167,"column":3},"end":{"line":167,"column":null}},"60":{"start":{"line":179,"column":17},"end":{"line":179,"column":null}},"61":{"start":{"line":180,"column":2},"end":{"line":185,"column":null}},"62":{"start":{"line":194,"column":28},"end":{"line":194,"column":null}},"63":{"start":{"line":195,"column":20},"end":{"line":195,"column":null}},"64":{"start":{"line":198,"column":17},"end":{"line":198,"column":null}},"65":{"start":{"line":199,"column":2},"end":{"line":202,"column":null}},"66":{"start":{"line":200,"column":3},"end":{"line":200,"column":null}},"67":{"start":{"line":201,"column":3},"end":{"line":201,"column":null}},"68":{"start":{"line":205,"column":20},"end":{"line":205,"column":null}},"69":{"start":{"line":206,"column":14},"end":{"line":206,"column":null}},"70":{"start":{"line":207,"column":19},"end":{"line":207,"column":null}},"71":{"start":{"line":208,"column":19},"end":{"line":208,"column":null}},"72":{"start":{"line":211,"column":23},"end":{"line":211,"column":null}},"73":{"start":{"line":212,"column":16},"end":{"line":212,"column":null}},"74":{"start":{"line":213,"column":2},"end":{"line":215,"column":null}},"75":{"start":{"line":213,"column":15},"end":{"line":213,"column":18}},"76":{"start":{"line":214,"column":3},"end":{"line":214,"column":null}},"77":{"start":{"line":218,"column":2},"end":{"line":218,"column":null}},"78":{"start":{"line":220,"column":2},"end":{"line":220,"column":null}}},"fnMap":{"0":{"name":"getExtensionFromMimeType","decl":{"start":{"line":17,"column":9},"end":{"line":17,"column":34}},"loc":{"start":{"line":17,"column":60},"end":{"line":26,"column":null}},"line":17},"1":{"name":"generateTimestamp","decl":{"start":{"line":31,"column":9},"end":{"line":31,"column":37}},"loc":{"start":{"line":31,"column":37},"end":{"line":40,"column":null}},"line":31},"2":{"name":"sanitizeFilename","decl":{"start":{"line":45,"column":9},"end":{"line":45,"column":26}},"loc":{"start":{"line":45,"column":48},"end":{"line":47,"column":null}},"line":45},"3":{"name":"(anonymous_3)","decl":{"start":{"line":55,"column":1},"end":{"line":55,"column":13}},"loc":{"start":{"line":55,"column":75},"end":{"line":59,"column":null}},"line":55},"4":{"name":"(anonymous_4)","decl":{"start":{"line":64,"column":1},"end":{"line":64,"column":16}},"loc":{"start":{"line":64,"column":58},"end":{"line":66,"column":null}},"line":64},"5":{"name":"(anonymous_5)","decl":{"start":{"line":74,"column":7},"end":{"line":74,"column":null}},"loc":{"start":{"line":78,"column":18},"end":{"line":154,"column":null}},"line":78},"6":{"name":"(anonymous_6)","decl":{"start":{"line":119,"column":37},"end":{"line":119,"column":43}},"loc":{"start":{"line":119,"column":43},"end":{"line":121,"column":7}},"line":119},"7":{"name":"(anonymous_7)","decl":{"start":{"line":159,"column":9},"end":{"line":159,"column":34}},"loc":{"start":{"line":159,"column":34},"end":{"line":169,"column":null}},"line":159},"8":{"name":"(anonymous_8)","decl":{"start":{"line":174,"column":15},"end":{"line":174,"column":null}},"loc":{"start":{"line":178,"column":28},"end":{"line":186,"column":null}},"line":178},"9":{"name":"(anonymous_9)","decl":{"start":{"line":192,"column":15},"end":{"line":192,"column":25}},"loc":{"start":{"line":192,"column":83},"end":{"line":221,"column":null}},"line":192}},"branchMap":{"0":{"loc":{"start":{"line":25,"column":8},"end":{"line":25,"column":null}},"type":"binary-expr","locations":[{"start":{"line":25,"column":8},"end":{"line":25,"column":31}},{"start":{"line":25,"column":31},"end":{"line":25,"column":null}}],"line":25},"1":{"loc":{"start":{"line":80,"column":2},"end":{"line":84,"column":null}},"type":"if","locations":[{"start":{"line":80,"column":2},"end":{"line":84,"column":null}},{"start":{},"end":{}}],"line":80},"2":{"loc":{"start":{"line":116,"column":3},"end":{"line":122,"column":null}},"type":"if","locations":[{"start":{"line":116,"column":3},"end":{"line":122,"column":null}},{"start":{"line":118,"column":10},"end":{"line":122,"column":null}}],"line":116},"3":{"loc":{"start":{"line":140,"column":19},"end":{"line":140,"column":null}},"type":"cond-expr","locations":[{"start":{"line":140,"column":44},"end":{"line":140,"column":60}},{"start":{"line":140,"column":60},"end":{"line":140,"column":null}}],"line":140},"4":{"loc":{"start":{"line":147,"column":3},"end":{"line":149,"column":null}},"type":"if","locations":[{"start":{"line":147,"column":3},"end":{"line":149,"column":null}},{"start":{},"end":{}}],"line":147},"5":{"loc":{"start":{"line":150,"column":3},"end":{"line":152,"column":null}},"type":"if","locations":[{"start":{"line":150,"column":3},"end":{"line":152,"column":null}},{"start":{},"end":{}}],"line":150},"6":{"loc":{"start":{"line":160,"column":2},"end":{"line":162,"column":null}},"type":"if","locations":[{"start":{"line":160,"column":2},"end":{"line":162,"column":null}},{"start":{},"end":{}}],"line":160},"7":{"loc":{"start":{"line":163,"column":2},"end":{"line":165,"column":null}},"type":"if","locations":[{"start":{"line":163,"column":2},"end":{"line":165,"column":null}},{"start":{},"end":{}}],"line":163},"8":{"loc":{"start":{"line":166,"column":2},"end":{"line":168,"column":null}},"type":"if","locations":[{"start":{"line":166,"column":2},"end":{"line":168,"column":null}},{"start":{},"end":{}}],"line":166},"9":{"loc":{"start":{"line":199,"column":2},"end":{"line":202,"column":null}},"type":"if","locations":[{"start":{"line":199,"column":2},"end":{"line":202,"column":null}},{"start":{},"end":{}}],"line":199}},"s":{"0":0,"1":0,"2":0,"3":0,"4":0,"5":0,"6":0,"7":0,"8":0,"9":0,"10":0,"11":0,"12":0,"13":0,"14":0,"15":0,"16":0,"17":0,"18":0,"19":0,"20":0,"21":0,"22":0,"23":0,"24":0,"25":0,"26":0,"27":0,"28":0,"29":0,"30":0,"31":0,"32":0,"33":0,"34":0,"35":0,"36":0,"37":0,"38":0,"39":0,"40":0,"41":0,"42":0,"43":0,"44":0,"45":0,"46":0,"47":0,"48":0,"49":0,"50":0,"51":0,"52":0,"53":0,"54":0,"55":0,"56":0,"57":0,"58":0,"59":0,"60":0,"61":0,"62":0,"63":0,"64":0,"65":0,"66":0,"67":0,"68":0,"69":0,"70":0,"71":0,"72":0,"73":0,"74":0,"75":0,"76":0,"77":0,"78":0},"f":{"0":0,"1":0,"2":0,"3":0,"4":0,"5":0,"6":0,"7":0,"8":0,"9":0},"b":{"0":[0,0],"1":[0,0],"2":[0,0],"3":[0,0],"4":[0,0],"5":[0,0],"6":[0,0],"7":[0,0],"8":[0,0],"9":[0,0]},"meta":{"lastBranch":10,"lastFunction":10,"lastStatement":79,"seen":{"f:17:9:17:34":0,"s:18:43:24:Infinity":0,"s:25:1:25:Infinity":1,"b:25:8:25:31:25:31:25:Infinity":0,"f:31:9:31:37":1,"s:32:13:32:Infinity":2,"s:33:14:33:Infinity":3,"s:34:15:34:Infinity":4,"s:35:13:35:Infinity":5,"s:36:14:36:Infinity":6,"s:37:16:37:Infinity":7,"s:38:16:38:Infinity":8,"s:39:1:39:Infinity":9,"f:45:9:45:26":2,"s:46:1:46:Infinity":10,"f:55:1:55:13":3,"s:53:1:53:Infinity":11,"s:56:2:56:Infinity":12,"s:57:2:57:Infinity":13,"s:58:2:58:Infinity":14,"f:64:1:64:16":4,"s:65:2:65:Infinity":15,"f:74:7:74:Infinity":5,"b:80:2:84:Infinity:undefined:undefined:undefined:undefined":1,"s:80:2:84:Infinity":16,"s:81:3:81:Infinity":17,"s:82:3:82:Infinity":18,"s:83:3:83:Infinity":19,"s:86:2:86:Infinity":20,"s:87:66:87:Infinity":21,"s:88:37:88:Infinity":22,"s:90:2:153:Infinity":23,"s:92:3:92:Infinity":24,"s:95:9:95:Infinity":25,"s:96:3:96:Infinity":26,"s:99:23:99:Infinity":27,"s:100:3:100:Infinity":28,"s:104:3:110:Infinity":29,"s:105:4:105:Infinity":30,"s:108:4:108:Infinity":31,"s:109:4:109:Infinity":32,"s:112:3:112:Infinity":33,"s:115:19:115:Infinity":34,"b:116:3:122:Infinity:118:10:122:Infinity":2,"s:116:3:122:Infinity":35,"s:117:4:117:Infinity":36,"s:119:4:121:Infinity":37,"f:119:37:119:43":6,"s:120:5:120:Infinity":38,"s:125:17:125:Infinity":39,"s:128:21:128:Infinity":40,"s:129:3:129:Infinity":41,"s:132:21:132:Infinity":42,"s:133:3:133:Infinity":43,"s:136:3:136:Infinity":44,"s:137:3:137:Infinity":45,"s:140:19:140:Infinity":46,"b:140:44:140:60:140:60:140:Infinity":3,"s:141:3:141:Infinity":47,"s:142:3:142:Infinity":48,"s:144:3:144:Infinity":49,"b:147:3:149:Infinity:undefined:undefined:undefined:undefined":4,"s:147:3:149:Infinity":50,"s:148:4:148:Infinity":51,"b:150:3:152:Infinity:undefined:undefined:undefined:undefined":5,"s:150:3:152:Infinity":52,"s:151:4:151:Infinity":53,"f:159:9:159:34":7,"b:160:2:162:Infinity:undefined:undefined:undefined:undefined":6,"s:160:2:162:Infinity":54,"s:161:3:161:Infinity":55,"b:163:2:165:Infinity:undefined:undefined:undefined:undefined":7,"s:163:2:165:Infinity":56,"s:164:3:164:Infinity":57,"b:166:2:168:Infinity:undefined:undefined:undefined:undefined":8,"s:166:2:168:Infinity":58,"s:167:3:167:Infinity":59,"f:174:15:174:Infinity":8,"s:179:17:179:Infinity":60,"s:180:2:185:Infinity":61,"f:192:15:192:25":9,"s:194:28:194:Infinity":62,"s:195:20:195:Infinity":63,"s:198:17:198:Infinity":64,"b:199:2:202:Infinity:undefined:undefined:undefined:undefined":9,"s:199:2:202:Infinity":65,"s:200:3:200:Infinity":66,"s:201:3:201:Infinity":67,"s:205:20:205:Infinity":68,"s:206:14:206:Infinity":69,"s:207:19:207:Infinity":70,"s:208:19:208:Infinity":71,"s:211:23:211:Infinity":72,"s:212:16:212:Infinity":73,"s:213:2:215:Infinity":74,"s:213:15:213:18":75,"s:214:3:214:Infinity":76,"s:218:2:218:Infinity":77,"s:220:2:220:Infinity":78}}}
,"/home/kunihiros/dev/genimage-inserter/src/ui/prompt-selector-modal.ts": {"path":"/home/kunihiros/dev/genimage-inserter/src/ui/prompt-selector-modal.ts","statementMap":{"0":{"start":{"line":19,"column":2},"end":{"line":19,"column":null}},"1":{"start":{"line":20,"column":2},"end":{"line":20,"column":null}},"2":{"start":{"line":21,"column":2},"end":{"line":21,"column":null}},"3":{"start":{"line":22,"column":2},"end":{"line":22,"column":null}},"4":{"start":{"line":26,"column":24},"end":{"line":26,"column":null}},"5":{"start":{"line":28,"column":2},"end":{"line":28,"column":null}},"6":{"start":{"line":29,"column":2},"end":{"line":29,"column":null}},"7":{"start":{"line":32,"column":2},"end":{"line":32,"column":null}},"8":{"start":{"line":35,"column":2},"end":{"line":38,"column":null}},"9":{"start":{"line":41,"column":24},"end":{"line":41,"column":null}},"10":{"start":{"line":44,"column":2},"end":{"line":59,"column":null}},"11":{"start":{"line":45,"column":25},"end":{"line":45,"column":null}},"12":{"start":{"line":47,"column":3},"end":{"line":58,"column":null}},"13":{"start":{"line":51,"column":5},"end":{"line":57,"column":null}},"14":{"start":{"line":55,"column":7},"end":{"line":55,"column":null}},"15":{"start":{"line":56,"column":7},"end":{"line":56,"column":null}},"16":{"start":{"line":62,"column":19},"end":{"line":62,"column":null}},"17":{"start":{"line":63,"column":2},"end":{"line":71,"column":null}},"18":{"start":{"line":65,"column":4},"end":{"line":70,"column":null}},"19":{"start":{"line":68,"column":6},"end":{"line":68,"column":null}},"20":{"start":{"line":69,"column":6},"end":{"line":69,"column":null}},"21":{"start":{"line":75,"column":24},"end":{"line":75,"column":null}},"22":{"start":{"line":76,"column":2},"end":{"line":76,"column":null}},"23":{"start":{"line":90,"column":1},"end":{"line":98,"column":null}},"24":{"start":{"line":91,"column":16},"end":{"line":96,"column":null}},"25":{"start":{"line":94,"column":17},"end":{"line":94,"column":null}},"26":{"start":{"line":95,"column":9},"end":{"line":95,"column":null}},"27":{"start":{"line":97,"column":2},"end":{"line":97,"column":null}}},"fnMap":{"0":{"name":"(anonymous_0)","decl":{"start":{"line":13,"column":1},"end":{"line":13,"column":null}},"loc":{"start":{"line":18,"column":3},"end":{"line":23,"column":null}},"line":18},"1":{"name":"(anonymous_1)","decl":{"start":{"line":25,"column":1},"end":{"line":25,"column":10}},"loc":{"start":{"line":25,"column":10},"end":{"line":72,"column":null}},"line":25},"2":{"name":"(anonymous_2)","decl":{"start":{"line":50,"column":15},"end":{"line":50,"column":25}},"loc":{"start":{"line":50,"column":25},"end":{"line":58,"column":5}},"line":50},"3":{"name":"(anonymous_3)","decl":{"start":{"line":54,"column":15},"end":{"line":54,"column":21}},"loc":{"start":{"line":54,"column":21},"end":{"line":57,"column":7}},"line":54},"4":{"name":"(anonymous_4)","decl":{"start":{"line":64,"column":14},"end":{"line":64,"column":24}},"loc":{"start":{"line":64,"column":24},"end":{"line":71,"column":4}},"line":64},"5":{"name":"(anonymous_5)","decl":{"start":{"line":67,"column":14},"end":{"line":67,"column":20}},"loc":{"start":{"line":67,"column":20},"end":{"line":70,"column":6}},"line":67},"6":{"name":"(anonymous_6)","decl":{"start":{"line":74,"column":1},"end":{"line":74,"column":11}},"loc":{"start":{"line":74,"column":11},"end":{"line":77,"column":null}},"line":74},"7":{"name":"showPromptSelector","decl":{"start":{"line":86,"column":16},"end":{"line":86,"column":null}},"loc":{"start":{"line":89,"column":23},"end":{"line":99,"column":null}},"line":89},"8":{"name":"(anonymous_8)","decl":{"start":{"line":90,"column":20},"end":{"line":90,"column":21}},"loc":{"start":{"line":90,"column":41},"end":{"line":98,"column":2}},"line":90},"9":{"name":"(anonymous_9)","decl":{"start":{"line":94,"column":3},"end":{"line":94,"column":4}},"loc":{"start":{"line":94,"column":17},"end":{"line":94,"column":null}},"line":94},"10":{"name":"(anonymous_10)","decl":{"start":{"line":95,"column":3},"end":{"line":95,"column":9}},"loc":{"start":{"line":95,"column":9},"end":{"line":95,"column":null}},"line":95}},"branchMap":{},"s":{"0":0,"1":0,"2":0,"3":0,"4":0,"5":0,"6":0,"7":0,"8":0,"9":0,"10":0,"11":0,"12":0,"13":0,"14":0,"15":0,"16":0,"17":0,"18":0,"19":0,"20":0,"21":0,"22":0,"23":0,"24":0,"25":0,"26":0,"27":0},"f":{"0":0,"1":0,"2":0,"3":0,"4":0,"5":0,"6":0,"7":0,"8":0,"9":0,"10":0},"b":{},"meta":{"lastBranch":0,"lastFunction":11,"lastStatement":28,"seen":{"f:13:1:13:Infinity":0,"s:19:2:19:Infinity":0,"s:20:2:20:Infinity":1,"s:21:2:21:Infinity":2,"s:22:2:22:Infinity":3,"f:25:1:25:10":1,"s:26:24:26:Infinity":4,"s:28:2:28:Infinity":5,"s:29:2:29:Infinity":6,"s:32:2:32:Infinity":7,"s:35:2:38:Infinity":8,"s:41:24:41:Infinity":9,"s:44:2:59:Infinity":10,"s:45:25:45:Infinity":11,"s:47:3:58:Infinity":12,"f:50:15:50:25":2,"s:51:5:57:Infinity":13,"f:54:15:54:21":3,"s:55:7:55:Infinity":14,"s:56:7:56:Infinity":15,"s:62:19:62:Infinity":16,"s:63:2:71:Infinity":17,"f:64:14:64:24":4,"s:65:4:70:Infinity":18,"f:67:14:67:20":5,"s:68:6:68:Infinity":19,"s:69:6:69:Infinity":20,"f:74:1:74:11":6,"s:75:24:75:Infinity":21,"s:76:2:76:Infinity":22,"f:86:16:86:Infinity":7,"s:90:1:98:Infinity":23,"f:90:20:90:21":8,"s:91:16:96:Infinity":24,"f:94:3:94:4":9,"s:94:17:94:Infinity":25,"f:95:3:95:9":10,"s:95:9:95:Infinity":26,"s:97:2:97:Infinity":27}}}
,"/home/kunihiros/dev/genimage-inserter/src/utils/env-loader.ts": {"path":"/home/kunihiros/dev/genimage-inserter/src/utils/env-loader.ts","statementMap":{"0":{"start":{"line":16,"column":1},"end":{"line":18,"column":null}},"1":{"start":{"line":17,"column":2},"end":{"line":17,"column":null}},"2":{"start":{"line":21,"column":22},"end":{"line":23,"column":null}},"3":{"start":{"line":25,"column":1},"end":{"line":27,"column":null}},"4":{"start":{"line":26,"column":2},"end":{"line":26,"column":null}},"5":{"start":{"line":29,"column":17},"end":{"line":29,"column":null}},"6":{"start":{"line":30,"column":13},"end":{"line":30,"column":null}},"7":{"start":{"line":33,"column":22},"end":{"line":33,"column":null}},"8":{"start":{"line":34,"column":1},"end":{"line":36,"column":null}},"9":{"start":{"line":35,"column":2},"end":{"line":35,"column":null}},"10":{"start":{"line":38,"column":21},"end":{"line":38,"column":null}},"11":{"start":{"line":39,"column":1},"end":{"line":41,"column":null}},"12":{"start":{"line":40,"column":2},"end":{"line":40,"column":null}},"13":{"start":{"line":43,"column":1},"end":{"line":47,"column":null}},"14":{"start":{"line":56,"column":40},"end":{"line":56,"column":null}},"15":{"start":{"line":58,"column":15},"end":{"line":58,"column":null}},"16":{"start":{"line":59,"column":1},"end":{"line":88,"column":null}},"17":{"start":{"line":61,"column":18},"end":{"line":61,"column":null}},"18":{"start":{"line":62,"column":2},"end":{"line":64,"column":null}},"19":{"start":{"line":63,"column":3},"end":{"line":63,"column":null}},"20":{"start":{"line":67,"column":18},"end":{"line":67,"column":null}},"21":{"start":{"line":68,"column":2},"end":{"line":70,"column":null}},"22":{"start":{"line":69,"column":3},"end":{"line":69,"column":null}},"23":{"start":{"line":72,"column":14},"end":{"line":72,"column":null}},"24":{"start":{"line":73,"column":14},"end":{"line":73,"column":null}},"25":{"start":{"line":76,"column":2},"end":{"line":79,"column":null}},"26":{"start":{"line":78,"column":3},"end":{"line":78,"column":null}},"27":{"start":{"line":82,"column":23},"end":{"line":82,"column":null}},"28":{"start":{"line":83,"column":2},"end":{"line":85,"column":null}},"29":{"start":{"line":84,"column":3},"end":{"line":84,"column":null}},"30":{"start":{"line":87,"column":2},"end":{"line":87,"column":null}},"31":{"start":{"line":90,"column":1},"end":{"line":90,"column":null}}},"fnMap":{"0":{"name":"loadEnvFile","decl":{"start":{"line":15,"column":16},"end":{"line":15,"column":28}},"loc":{"start":{"line":15,"column":60},"end":{"line":48,"column":null}},"line":15},"1":{"name":"parseEnvContent","decl":{"start":{"line":55,"column":9},"end":{"line":55,"column":25}},"loc":{"start":{"line":55,"column":66},"end":{"line":91,"column":null}},"line":55}},"branchMap":{"0":{"loc":{"start":{"line":16,"column":1},"end":{"line":18,"column":null}},"type":"if","locations":[{"start":{"line":16,"column":1},"end":{"line":18,"column":null}},{"start":{},"end":{}}],"line":16},"1":{"loc":{"start":{"line":21,"column":22},"end":{"line":23,"column":null}},"type":"cond-expr","locations":[{"start":{"line":22,"column":4},"end":{"line":22,"column":null}},{"start":{"line":23,"column":4},"end":{"line":23,"column":null}}],"line":21},"2":{"loc":{"start":{"line":22,"column":14},"end":{"line":22,"column":38}},"type":"binary-expr","locations":[{"start":{"line":22,"column":14},"end":{"line":22,"column":34}},{"start":{"line":22,"column":34},"end":{"line":22,"column":38}}],"line":22},"3":{"loc":{"start":{"line":25,"column":1},"end":{"line":27,"column":null}},"type":"if","locations":[{"start":{"line":25,"column":1},"end":{"line":27,"column":null}},{"start":{},"end":{}}],"line":25},"4":{"loc":{"start":{"line":34,"column":1},"end":{"line":36,"column":null}},"type":"if","locations":[{"start":{"line":34,"column":1},"end":{"line":36,"column":null}},{"start":{},"end":{}}],"line":34},"5":{"loc":{"start":{"line":39,"column":1},"end":{"line":41,"column":null}},"type":"if","locations":[{"start":{"line":39,"column":1},"end":{"line":41,"column":null}},{"start":{},"end":{}}],"line":39},"6":{"loc":{"start":{"line":44,"column":15},"end":{"line":44,"column":null}},"type":"binary-expr","locations":[{"start":{"line":44,"column":15},"end":{"line":44,"column":38}},{"start":{"line":44,"column":38},"end":{"line":44,"column":null}}],"line":44},"7":{"loc":{"start":{"line":62,"column":2},"end":{"line":64,"column":null}},"type":"if","locations":[{"start":{"line":62,"column":2},"end":{"line":64,"column":null}},{"start":{},"end":{}}],"line":62},"8":{"loc":{"start":{"line":62,"column":6},"end":{"line":62,"column":43}},"type":"binary-expr","locations":[{"start":{"line":62,"column":6},"end":{"line":62,"column":18}},{"start":{"line":62,"column":18},"end":{"line":62,"column":43}}],"line":62},"9":{"loc":{"start":{"line":68,"column":2},"end":{"line":70,"column":null}},"type":"if","locations":[{"start":{"line":68,"column":2},"end":{"line":70,"column":null}},{"start":{},"end":{}}],"line":68},"10":{"loc":{"start":{"line":76,"column":2},"end":{"line":79,"column":null}},"type":"if","locations":[{"start":{"line":76,"column":2},"end":{"line":79,"column":null}},{"start":{},"end":{}}],"line":76},"11":{"loc":{"start":{"line":76,"column":7},"end":{"line":77,"column":51}},"type":"binary-expr","locations":[{"start":{"line":76,"column":7},"end":{"line":76,"column":32}},{"start":{"line":76,"column":32},"end":{"line":76,"column":null}},{"start":{"line":77,"column":4},"end":{"line":77,"column":29}},{"start":{"line":77,"column":29},"end":{"line":77,"column":51}}],"line":76},"12":{"loc":{"start":{"line":83,"column":2},"end":{"line":85,"column":null}},"type":"if","locations":[{"start":{"line":83,"column":2},"end":{"line":85,"column":null}},{"start":{},"end":{}}],"line":83}},"s":{"0":10,"1":1,"2":9,"3":10,"4":1,"5":8,"6":8,"7":8,"8":8,"9":1,"10":7,"11":7,"12":1,"13":6,"14":8,"15":8,"16":8,"17":30,"18":30,"19":15,"20":15,"21":15,"22":0,"23":15,"24":15,"25":15,"26":2,"27":15,"28":15,"29":1,"30":15,"31":8},"f":{"0":10,"1":8},"b":{"0":[1,9],"1":[1,8],"2":[1,0],"3":[1,9],"4":[1,7],"5":[1,6],"6":[6,5],"7":[15,15],"8":[30,17],"9":[0,15],"10":[2,13],"11":[15,1,14,1],"12":[1,14]},"meta":{"lastBranch":13,"lastFunction":2,"lastStatement":32,"seen":{"f:15:16:15:28":0,"b:16:1:18:Infinity:undefined:undefined:undefined:undefined":0,"s:16:1:18:Infinity":0,"s:17:2:17:Infinity":1,"s:21:22:23:Infinity":2,"b:22:4:22:Infinity:23:4:23:Infinity":1,"b:22:14:22:34:22:34:22:38":2,"b:25:1:27:Infinity:undefined:undefined:undefined:undefined":3,"s:25:1:27:Infinity":3,"s:26:2:26:Infinity":4,"s:29:17:29:Infinity":5,"s:30:13:30:Infinity":6,"s:33:22:33:Infinity":7,"b:34:1:36:Infinity:undefined:undefined:undefined:undefined":4,"s:34:1:36:Infinity":8,"s:35:2:35:Infinity":9,"s:38:21:38:Infinity":10,"b:39:1:41:Infinity:undefined:undefined:undefined:undefined":5,"s:39:1:41:Infinity":11,"s:40:2:40:Infinity":12,"s:43:1:47:Infinity":13,"b:44:15:44:38:44:38:44:Infinity":6,"f:55:9:55:25":1,"s:56:40:56:Infinity":14,"s:58:15:58:Infinity":15,"s:59:1:88:Infinity":16,"s:61:18:61:Infinity":17,"b:62:2:64:Infinity:undefined:undefined:undefined:undefined":7,"s:62:2:64:Infinity":18,"b:62:6:62:18:62:18:62:43":8,"s:63:3:63:Infinity":19,"s:67:18:67:Infinity":20,"b:68:2:70:Infinity:undefined:undefined:undefined:undefined":9,"s:68:2:70:Infinity":21,"s:69:3:69:Infinity":22,"s:72:14:72:Infinity":23,"s:73:14:73:Infinity":24,"b:76:2:79:Infinity:undefined:undefined:undefined:undefined":10,"s:76:2:79:Infinity":25,"b:76:7:76:32:76:32:76:Infinity:77:4:77:29:77:29:77:51":11,"s:78:3:78:Infinity":26,"s:82:23:82:Infinity":27,"b:83:2:85:Infinity:undefined:undefined:undefined:undefined":12,"s:83:2:85:Infinity":28,"s:84:3:84:Infinity":29,"s:87:2:87:Infinity":30,"s:90:1:90:Infinity":31}}}
,"/home/kunihiros/dev/genimage-inserter/src/utils/logger.ts": {"path":"/home/kunihiros/dev/genimage-inserter/src/utils/logger.ts","statementMap":{"0":{"start":{"line":12,"column":1},"end":{"line":12,"column":null}},"1":{"start":{"line":16,"column":21},"end":{"line":16,"column":null}},"2":{"start":{"line":17,"column":2},"end":{"line":22,"column":null}},"3":{"start":{"line":18,"column":3},"end":{"line":18,"column":null}},"4":{"start":{"line":19,"column":3},"end":{"line":19,"column":null}},"5":{"start":{"line":20,"column":3},"end":{"line":20,"column":null}},"6":{"start":{"line":21,"column":3},"end":{"line":21,"column":null}},"7":{"start":{"line":25,"column":2},"end":{"line":31,"column":null}},"8":{"start":{"line":34,"column":17},"end":{"line":34,"column":null}},"9":{"start":{"line":35,"column":2},"end":{"line":37,"column":null}},"10":{"start":{"line":36,"column":3},"end":{"line":36,"column":null}},"11":{"start":{"line":44,"column":2},"end":{"line":44,"column":null}},"12":{"start":{"line":51,"column":2},"end":{"line":51,"column":null}},"13":{"start":{"line":58,"column":2},"end":{"line":58,"column":null}},"14":{"start":{"line":65,"column":2},"end":{"line":65,"column":null}},"15":{"start":{"line":72,"column":8},"end":{"line":72,"column":null}},"16":{"start":{"line":75,"column":22},"end":{"line":75,"column":null}},"17":{"start":{"line":76,"column":2},"end":{"line":87,"column":null}},"18":{"start":{"line":77,"column":3},"end":{"line":86,"column":null}},"19":{"start":{"line":78,"column":4},"end":{"line":84,"column":null}},"20":{"start":{"line":79,"column":5},"end":{"line":83,"column":null}},"21":{"start":{"line":80,"column":6},"end":{"line":80,"column":null}},"22":{"start":{"line":82,"column":6},"end":{"line":82,"column":null}},"23":{"start":{"line":85,"column":4},"end":{"line":85,"column":null}},"24":{"start":{"line":89,"column":18},"end":{"line":89,"column":null}},"25":{"start":{"line":92,"column":2},"end":{"line":98,"column":null}},"26":{"start":{"line":93,"column":3},"end":{"line":93,"column":null}},"27":{"start":{"line":94,"column":2},"end":{"line":98,"column":null}},"28":{"start":{"line":95,"column":3},"end":{"line":95,"column":null}},"29":{"start":{"line":97,"column":3},"end":{"line":97,"column":null}},"30":{"start":{"line":101,"column":2},"end":{"line":107,"column":null}},"31":{"start":{"line":102,"column":3},"end":{"line":106,"column":null}},"32":{"start":{"line":103,"column":4},"end":{"line":103,"column":null}},"33":{"start":{"line":105,"column":4},"end":{"line":105,"column":null}},"34":{"start":{"line":115,"column":2},"end":{"line":120,"column":null}},"35":{"start":{"line":116,"column":3},"end":{"line":118,"column":null}},"36":{"start":{"line":117,"column":4},"end":{"line":117,"column":null}},"37":{"start":{"line":119,"column":3},"end":{"line":119,"column":null}}},"fnMap":{"0":{"name":"(anonymous_0)","decl":{"start":{"line":14,"column":1},"end":{"line":14,"column":13}},"loc":{"start":{"line":14,"column":23},"end":{"line":38,"column":null}},"line":14},"1":{"name":"(anonymous_1)","decl":{"start":{"line":43,"column":1},"end":{"line":43,"column":6}},"loc":{"start":{"line":43,"column":49},"end":{"line":45,"column":null}},"line":43},"2":{"name":"(anonymous_2)","decl":{"start":{"line":50,"column":1},"end":{"line":50,"column":6}},"loc":{"start":{"line":50,"column":49},"end":{"line":52,"column":null}},"line":50},"3":{"name":"(anonymous_3)","decl":{"start":{"line":57,"column":1},"end":{"line":57,"column":7}},"loc":{"start":{"line":57,"column":50},"end":{"line":59,"column":null}},"line":57},"4":{"name":"(anonymous_4)","decl":{"start":{"line":64,"column":1},"end":{"line":64,"column":7}},"loc":{"start":{"line":64,"column":50},"end":{"line":66,"column":null}},"line":64},"5":{"name":"(anonymous_5)","decl":{"start":{"line":71,"column":9},"end":{"line":71,"column":13}},"loc":{"start":{"line":71,"column":71},"end":{"line":108,"column":null}},"line":71},"6":{"name":"(anonymous_6)","decl":{"start":{"line":77,"column":34},"end":{"line":77,"column":41}},"loc":{"start":{"line":77,"column":41},"end":{"line":86,"column":4}},"line":77},"7":{"name":"(anonymous_7)","decl":{"start":{"line":113,"column":1},"end":{"line":113,"column":10}},"loc":{"start":{"line":113,"column":32},"end":{"line":121,"column":null}},"line":113},"8":{"name":"(anonymous_8)","decl":{"start":{"line":115,"column":47},"end":{"line":115,"column":48}},"loc":{"start":{"line":115,"column":58},"end":{"line":120,"column":3}},"line":115}},"branchMap":{"0":{"loc":{"start":{"line":17,"column":2},"end":{"line":22,"column":null}},"type":"if","locations":[{"start":{"line":17,"column":2},"end":{"line":22,"column":null}},{"start":{},"end":{}}],"line":17},"1":{"loc":{"start":{"line":35,"column":2},"end":{"line":37,"column":null}},"type":"if","locations":[{"start":{"line":35,"column":2},"end":{"line":37,"column":null}},{"start":{},"end":{}}],"line":35},"2":{"loc":{"start":{"line":76,"column":2},"end":{"line":87,"column":null}},"type":"if","locations":[{"start":{"line":76,"column":2},"end":{"line":87,"column":null}},{"start":{},"end":{}}],"line":76},"3":{"loc":{"start":{"line":78,"column":4},"end":{"line":84,"column":null}},"type":"if","locations":[{"start":{"line":78,"column":4},"end":{"line":84,"column":null}},{"start":{},"end":{}}],"line":78},"4":{"loc":{"start":{"line":92,"column":2},"end":{"line":98,"column":null}},"type":"if","locations":[{"start":{"line":92,"column":2},"end":{"line":98,"column":null}},{"start":{"line":94,"column":2},"end":{"line":98,"column":null}}],"line":92},"5":{"loc":{"start":{"line":94,"column":2},"end":{"line":98,"column":null}},"type":"if","locations":[{"start":{"line":94,"column":2},"end":{"line":98,"column":null}},{"start":{"line":96,"column":9},"end":{"line":98,"column":null}}],"line":94},"6":{"loc":{"start":{"line":101,"column":2},"end":{"line":107,"column":null}},"type":"if","locations":[{"start":{"line":101,"column":2},"end":{"line":107,"column":null}},{"start":{},"end":{}}],"line":101},"7":{"loc":{"start":{"line":101,"column":6},"end":{"line":101,"column":40}},"type":"binary-expr","locations":[{"start":{"line":101,"column":6},"end":{"line":101,"column":22}},{"start":{"line":101,"column":22},"end":{"line":101,"column":40}}],"line":101},"8":{"loc":{"start":{"line":116,"column":3},"end":{"line":118,"column":null}},"type":"if","locations":[{"start":{"line":116,"column":3},"end":{"line":118,"column":null}},{"start":{},"end":{}}],"line":116}},"s":{"0":0,"1":0,"2":0,"3":0,"4":0,"5":0,"6":0,"7":0,"8":0,"9":0,"10":0,"11":0,"12":0,"13":0,"14":0,"15":0,"16":0,"17":0,"18":0,"19":0,"20":0,"21":0,"22":0,"23":0,"24":0,"25":0,"26":0,"27":0,"28":0,"29":0,"30":0,"31":0,"32":0,"33":0,"34":0,"35":0,"36":0,"37":0},"f":{"0":0,"1":0,"2":0,"3":0,"4":0,"5":0,"6":0,"7":0,"8":0},"b":{"0":[0,0],"1":[0,0],"2":[0,0],"3":[0,0],"4":[0,0],"5":[0,0],"6":[0,0],"7":[0,0],"8":[0,0]},"meta":{"lastBranch":9,"lastFunction":9,"lastStatement":38,"seen":{"f:14:1:14:13":0,"s:12:1:12:Infinity":0,"s:16:21:16:Infinity":1,"b:17:2:22:Infinity:undefined:undefined:undefined:undefined":0,"s:17:2:22:Infinity":2,"s:18:3:18:Infinity":3,"s:19:3:19:Infinity":4,"s:20:3:20:Infinity":5,"s:21:3:21:Infinity":6,"s:25:2:31:Infinity":7,"s:34:17:34:Infinity":8,"b:35:2:37:Infinity:undefined:undefined:undefined:undefined":1,"s:35:2:37:Infinity":9,"s:36:3:36:Infinity":10,"f:43:1:43:6":1,"s:44:2:44:Infinity":11,"f:50:1:50:6":2,"s:51:2:51:Infinity":12,"f:57:1:57:7":3,"s:58:2:58:Infinity":13,"f:64:1:64:7":4,"s:65:2:65:Infinity":14,"f:71:9:71:13":5,"s:72:8:72:Infinity":15,"s:75:22:75:Infinity":16,"b:76:2:87:Infinity:undefined:undefined:undefined:undefined":2,"s:76:2:87:Infinity":17,"s:77:3:86:Infinity":18,"f:77:34:77:41":6,"b:78:4:84:Infinity:undefined:undefined:undefined:undefined":3,"s:78:4:84:Infinity":19,"s:79:5:83:Infinity":20,"s:80:6:80:Infinity":21,"s:82:6:82:Infinity":22,"s:85:4:85:Infinity":23,"s:89:18:89:Infinity":24,"b:92:2:98:Infinity:94:2:98:Infinity":4,"s:92:2:98:Infinity":25,"s:93:3:93:Infinity":26,"b:94:2:98:Infinity:96:9:98:Infinity":5,"s:94:2:98:Infinity":27,"s:95:3:95:Infinity":28,"s:97:3:97:Infinity":29,"b:101:2:107:Infinity:undefined:undefined:undefined:undefined":6,"s:101:2:107:Infinity":30,"b:101:6:101:22:101:22:101:40":7,"s:102:3:106:Infinity":31,"s:103:4:103:Infinity":32,"s:105:4:105:Infinity":33,"f:113:1:113:10":7,"s:115:2:120:Infinity":34,"f:115:47:115:48":8,"b:116:3:118:Infinity:undefined:undefined:undefined:undefined":8,"s:116:3:118:Infinity":35,"s:117:4:117:Infinity":36,"s:119:3:119:Infinity":37}}}
,"/home/kunihiros/dev/genimage-inserter/src/utils/prompt-parser.ts": {"path":"/home/kunihiros/dev/genimage-inserter/src/utils/prompt-parser.ts","statementMap":{"0":{"start":{"line":16,"column":26},"end":{"line":16,"column":null}},"1":{"start":{"line":25,"column":1},"end":{"line":27,"column":null}},"2":{"start":{"line":26,"column":2},"end":{"line":26,"column":null}},"3":{"start":{"line":29,"column":16},"end":{"line":29,"column":null}},"4":{"start":{"line":30,"column":1},"end":{"line":32,"column":null}},"5":{"start":{"line":31,"column":2},"end":{"line":31,"column":null}},"6":{"start":{"line":34,"column":35},"end":{"line":34,"column":null}},"7":{"start":{"line":36,"column":1},"end":{"line":42,"column":null}},"8":{"start":{"line":37,"column":2},"end":{"line":41,"column":null}},"9":{"start":{"line":38,"column":19},"end":{"line":38,"column":null}},"10":{"start":{"line":39,"column":18},"end":{"line":39,"column":null}},"11":{"start":{"line":40,"column":3},"end":{"line":40,"column":null}},"12":{"start":{"line":44,"column":1},"end":{"line":46,"column":null}},"13":{"start":{"line":45,"column":2},"end":{"line":45,"column":null}},"14":{"start":{"line":49,"column":1},"end":{"line":49,"column":null}},"15":{"start":{"line":49,"column":28},"end":{"line":49,"column":56}},"16":{"start":{"line":51,"column":1},"end":{"line":51,"column":null}},"17":{"start":{"line":62,"column":32},"end":{"line":62,"column":null}},"18":{"start":{"line":63,"column":28},"end":{"line":63,"column":null}},"19":{"start":{"line":64,"column":21},"end":{"line":64,"column":null}},"20":{"start":{"line":67,"column":26},"end":{"line":67,"column":null}},"21":{"start":{"line":68,"column":1},"end":{"line":94,"column":null}},"22":{"start":{"line":69,"column":25},"end":{"line":69,"column":null}},"23":{"start":{"line":70,"column":22},"end":{"line":70,"column":null}},"24":{"start":{"line":73,"column":2},"end":{"line":80,"column":null}},"25":{"start":{"line":74,"column":14},"end":{"line":74,"column":null}},"26":{"start":{"line":75,"column":3},"end":{"line":79,"column":null}},"27":{"start":{"line":76,"column":4},"end":{"line":76,"column":null}},"28":{"start":{"line":78,"column":4},"end":{"line":78,"column":null}},"29":{"start":{"line":83,"column":2},"end":{"line":90,"column":null}},"30":{"start":{"line":84,"column":14},"end":{"line":84,"column":null}},"31":{"start":{"line":85,"column":3},"end":{"line":89,"column":null}},"32":{"start":{"line":86,"column":4},"end":{"line":86,"column":null}},"33":{"start":{"line":88,"column":4},"end":{"line":88,"column":null}},"34":{"start":{"line":93,"column":2},"end":{"line":93,"column":null}},"35":{"start":{"line":96,"column":1},"end":{"line":102,"column":null}},"36":{"start":{"line":111,"column":40},"end":{"line":111,"column":null}},"37":{"start":{"line":113,"column":15},"end":{"line":113,"column":null}},"38":{"start":{"line":114,"column":1},"end":{"line":135,"column":null}},"39":{"start":{"line":115,"column":18},"end":{"line":115,"column":null}},"40":{"start":{"line":116,"column":2},"end":{"line":118,"column":null}},"41":{"start":{"line":117,"column":3},"end":{"line":117,"column":null}},"42":{"start":{"line":120,"column":21},"end":{"line":120,"column":null}},"43":{"start":{"line":121,"column":2},"end":{"line":123,"column":null}},"44":{"start":{"line":122,"column":3},"end":{"line":122,"column":null}},"45":{"start":{"line":125,"column":14},"end":{"line":125,"column":null}},"46":{"start":{"line":126,"column":14},"end":{"line":126,"column":null}},"47":{"start":{"line":129,"column":2},"end":{"line":132,"column":null}},"48":{"start":{"line":131,"column":3},"end":{"line":131,"column":null}},"49":{"start":{"line":134,"column":2},"end":{"line":134,"column":null}},"50":{"start":{"line":137,"column":1},"end":{"line":137,"column":null}},"51":{"start":{"line":144,"column":1},"end":{"line":144,"column":null}},"52":{"start":{"line":151,"column":1},"end":{"line":151,"column":null}}},"fnMap":{"0":{"name":"getPromptFiles","decl":{"start":{"line":24,"column":22},"end":{"line":24,"column":37}},"loc":{"start":{"line":24,"column":95},"end":{"line":52,"column":null}},"line":24},"1":{"name":"(anonymous_1)","decl":{"start":{"line":49,"column":18},"end":{"line":49,"column":19}},"loc":{"start":{"line":49,"column":28},"end":{"line":49,"column":56}},"line":49},"2":{"name":"parsePromptFile","decl":{"start":{"line":61,"column":16},"end":{"line":61,"column":32}},"loc":{"start":{"line":61,"column":93},"end":{"line":103,"column":null}},"line":61},"3":{"name":"parseSimpleYaml","decl":{"start":{"line":110,"column":9},"end":{"line":110,"column":25}},"loc":{"start":{"line":110,"column":63},"end":{"line":138,"column":null}},"line":110},"4":{"name":"isValidAspectRatio","decl":{"start":{"line":143,"column":9},"end":{"line":143,"column":28}},"loc":{"start":{"line":143,"column":65},"end":{"line":145,"column":null}},"line":143},"5":{"name":"isValidImageSize","decl":{"start":{"line":150,"column":9},"end":{"line":150,"column":26}},"loc":{"start":{"line":150,"column":61},"end":{"line":152,"column":null}},"line":150}},"branchMap":{"0":{"loc":{"start":{"line":25,"column":1},"end":{"line":27,"column":null}},"type":"if","locations":[{"start":{"line":25,"column":1},"end":{"line":27,"column":null}},{"start":{},"end":{}}],"line":25},"1":{"loc":{"start":{"line":30,"column":1},"end":{"line":32,"column":null}},"type":"if","locations":[{"start":{"line":30,"column":1},"end":{"line":32,"column":null}},{"start":{},"end":{}}],"line":30},"2":{"loc":{"start":{"line":30,"column":5},"end":{"line":30,"column":46}},"type":"binary-expr","locations":[{"start":{"line":30,"column":5},"end":{"line":30,"column":16}},{"start":{"line":30,"column":16},"end":{"line":30,"column":46}}],"line":30},"3":{"loc":{"start":{"line":37,"column":2},"end":{"line":41,"column":null}},"type":"if","locations":[{"start":{"line":37,"column":2},"end":{"line":41,"column":null}},{"start":{},"end":{}}],"line":37},"4":{"loc":{"start":{"line":37,"column":6},"end":{"line":37,"column":56}},"type":"binary-expr","locations":[{"start":{"line":37,"column":6},"end":{"line":37,"column":31}},{"start":{"line":37,"column":31},"end":{"line":37,"column":56}}],"line":37},"5":{"loc":{"start":{"line":44,"column":1},"end":{"line":46,"column":null}},"type":"if","locations":[{"start":{"line":44,"column":1},"end":{"line":46,"column":null}},{"start":{},"end":{}}],"line":44},"6":{"loc":{"start":{"line":68,"column":1},"end":{"line":94,"column":null}},"type":"if","locations":[{"start":{"line":68,"column":1},"end":{"line":94,"column":null}},{"start":{},"end":{}}],"line":68},"7":{"loc":{"start":{"line":68,"column":5},"end":{"line":68,"column":46}},"type":"binary-expr","locations":[{"start":{"line":68,"column":5},"end":{"line":68,"column":25}},{"start":{"line":68,"column":25},"end":{"line":68,"column":46}}],"line":68},"8":{"loc":{"start":{"line":73,"column":2},"end":{"line":80,"column":null}},"type":"if","locations":[{"start":{"line":73,"column":2},"end":{"line":80,"column":null}},{"start":{},"end":{}}],"line":73},"9":{"loc":{"start":{"line":75,"column":3},"end":{"line":79,"column":null}},"type":"if","locations":[{"start":{"line":75,"column":3},"end":{"line":79,"column":null}},{"start":{"line":77,"column":10},"end":{"line":79,"column":null}}],"line":75},"10":{"loc":{"start":{"line":83,"column":2},"end":{"line":90,"column":null}},"type":"if","locations":[{"start":{"line":83,"column":2},"end":{"line":90,"column":null}},{"start":{},"end":{}}],"line":83},"11":{"loc":{"start":{"line":85,"column":3},"end":{"line":89,"column":null}},"type":"if","locations":[{"start":{"line":85,"column":3},"end":{"line":89,"column":null}},{"start":{"line":87,"column":10},"end":{"line":89,"column":null}}],"line":85},"12":{"loc":{"start":{"line":116,"column":2},"end":{"line":118,"column":null}},"type":"if","locations":[{"start":{"line":116,"column":2},"end":{"line":118,"column":null}},{"start":{},"end":{}}],"line":116},"13":{"loc":{"start":{"line":116,"column":6},"end":{"line":116,"column":43}},"type":"binary-expr","locations":[{"start":{"line":116,"column":6},"end":{"line":116,"column":18}},{"start":{"line":116,"column":18},"end":{"line":116,"column":43}}],"line":116},"14":{"loc":{"start":{"line":121,"column":2},"end":{"line":123,"column":null}},"type":"if","locations":[{"start":{"line":121,"column":2},"end":{"line":123,"column":null}},{"start":{},"end":{}}],"line":121},"15":{"loc":{"start":{"line":129,"column":2},"end":{"line":132,"column":null}},"type":"if","locations":[{"start":{"line":129,"column":2},"end":{"line":132,"column":null}},{"start":{},"end":{}}],"line":129},"16":{"loc":{"start":{"line":129,"column":7},"end":{"line":130,"column":51}},"type":"binary-expr","locations":[{"start":{"line":129,"column":7},"end":{"line":129,"column":32}},{"start":{"line":129,"column":32},"end":{"line":129,"column":null}},{"start":{"line":130,"column":4},"end":{"line":130,"column":29}},{"start":{"line":130,"column":29},"end":{"line":130,"column":51}}],"line":129}},"s":{"0":1,"1":0,"2":0,"3":0,"4":0,"5":0,"6":0,"7":0,"8":0,"9":0,"10":0,"11":0,"12":0,"13":0,"14":0,"15":0,"16":0,"17":24,"18":24,"19":24,"20":24,"21":24,"22":23,"23":23,"24":23,"25":18,"26":18,"27":17,"28":1,"29":23,"30":9,"31":9,"32":8,"33":1,"34":23,"35":24,"36":23,"37":23,"38":23,"39":27,"40":27,"41":0,"42":27,"43":27,"44":0,"45":27,"46":27,"47":27,"48":25,"49":27,"50":23,"51":18,"52":9},"f":{"0":0,"1":0,"2":24,"3":23,"4":18,"5":9},"b":{"0":[0,0],"1":[0,0],"2":[0,0],"3":[0,0],"4":[0,0],"5":[0,0],"6":[23,1],"7":[24,23],"8":[18,5],"9":[17,1],"10":[9,14],"11":[8,1],"12":[0,27],"13":[27,27],"14":[0,27],"15":[25,2],"16":[27,23,4,2]},"meta":{"lastBranch":17,"lastFunction":6,"lastStatement":53,"seen":{"s:16:26:16:Infinity":0,"f:24:22:24:37":0,"b:25:1:27:Infinity:undefined:undefined:undefined:undefined":0,"s:25:1:27:Infinity":1,"s:26:2:26:Infinity":2,"s:29:16:29:Infinity":3,"b:30:1:32:Infinity:undefined:undefined:undefined:undefined":1,"s:30:1:32:Infinity":4,"b:30:5:30:16:30:16:30:46":2,"s:31:2:31:Infinity":5,"s:34:35:34:Infinity":6,"s:36:1:42:Infinity":7,"b:37:2:41:Infinity:undefined:undefined:undefined:undefined":3,"s:37:2:41:Infinity":8,"b:37:6:37:31:37:31:37:56":4,"s:38:19:38:Infinity":9,"s:39:18:39:Infinity":10,"s:40:3:40:Infinity":11,"b:44:1:46:Infinity:undefined:undefined:undefined:undefined":5,"s:44:1:46:Infinity":12,"s:45:2:45:Infinity":13,"s:49:1:49:Infinity":14,"f:49:18:49:19":1,"s:49:28:49:56":15,"s:51:1:51:Infinity":16,"f:61:16:61:32":2,"s:62:32:62:Infinity":17,"s:63:28:63:Infinity":18,"s:64:21:64:Infinity":19,"s:67:26:67:Infinity":20,"b:68:1:94:Infinity:undefined:undefined:undefined:undefined":6,"s:68:1:94:Infinity":21,"b:68:5:68:25:68:25:68:46":7,"s:69:25:69:Infinity":22,"s:70:22:70:Infinity":23,"b:73:2:80:Infinity:undefined:undefined:undefined:undefined":8,"s:73:2:80:Infinity":24,"s:74:14:74:Infinity":25,"b:75:3:79:Infinity:77:10:79:Infinity":9,"s:75:3:79:Infinity":26,"s:76:4:76:Infinity":27,"s:78:4:78:Infinity":28,"b:83:2:90:Infinity:undefined:undefined:undefined:undefined":10,"s:83:2:90:Infinity":29,"s:84:14:84:Infinity":30,"b:85:3:89:Infinity:87:10:89:Infinity":11,"s:85:3:89:Infinity":31,"s:86:4:86:Infinity":32,"s:88:4:88:Infinity":33,"s:93:2:93:Infinity":34,"s:96:1:102:Infinity":35,"f:110:9:110:25":3,"s:111:40:111:Infinity":36,"s:113:15:113:Infinity":37,"s:114:1:135:Infinity":38,"s:115:18:115:Infinity":39,"b:116:2:118:Infinity:undefined:undefined:undefined:undefined":12,"s:116:2:118:Infinity":40,"b:116:6:116:18:116:18:116:43":13,"s:117:3:117:Infinity":41,"s:120:21:120:Infinity":42,"b:121:2:123:Infinity:undefined:undefined:undefined:undefined":14,"s:121:2:123:Infinity":43,"s:122:3:122:Infinity":44,"s:125:14:125:Infinity":45,"s:126:14:126:Infinity":46,"b:129:2:132:Infinity:undefined:undefined:undefined:undefined":15,"s:129:2:132:Infinity":47,"b:129:7:129:32:129:32:129:Infinity:130:4:130:29:130:29:130:51":16,"s:131:3:131:Infinity":48,"s:134:2:134:Infinity":49,"s:137:1:137:Infinity":50,"f:143:9:143:28":4,"s:144:1:144:Infinity":51,"f:150:9:150:26":5,"s:151:1:151:Infinity":52}}}
}
